[16:50:59] ReG_MPro (uuid: ffbba03a-cf9e-30bf-a53a-cf2f7dfdd5ee): g
[16:51:54] ReG_MPro (uuid: ffbba03a-cf9e-30bf-a53a-cf2f7dfdd5ee): g
[16:52:12] ReG_MPro (uuid: ffbba03a-cf9e-30bf-a53a-cf2f7dfdd5ee): gg
[16:52:27] ReG_MPro (uuid: ffbba03a-cf9e-30bf-a53a-cf2f7dfdd5ee): gg
[16:52:48] ReG_MPro (uuid: ffbba03a-cf9e-30bf-a53a-cf2f7dfdd5ee): gg
[16:53:00] ReG_MPro (uuid: ffbba03a-cf9e-30bf-a53a-cf2f7dfdd5ee): gg
[17:00:54] jackdog8123 (uuid: 4c7b3a90-aede-3502-bc6d-ad289b1f15fe): дай опку))
[17:00:59] ReG_MPro (uuid: ffbba03a-cf9e-30bf-a53a-cf2f7dfdd5ee): дал)
[17:01:24] ReG_MPro (uuid: ffbba03a-cf9e-30bf-a53a-cf2f7dfdd5ee): вот эти платные услуги потом уберу
[17:01:25] jackdog8123 (uuid: 4c7b3a90-aede-3502-bc6d-ad289b1f15fe): уже сайт есть?
[17:01:47] ReG_MPro (uuid: ffbba03a-cf9e-30bf-a53a-cf2f7dfdd5ee): нет сайта нет. Просто я скачивал сборку готовую
[17:01:56] ReG_MPro (uuid: ffbba03a-cf9e-30bf-a53a-cf2f7dfdd5ee): там было дофига модов. и вот это все
[17:02:01] jackdog8123 (uuid: 4c7b3a90-aede-3502-bc6d-ad289b1f15fe): ясно
[17:02:09] jackdog8123 (uuid: 4c7b3a90-aede-3502-bc6d-ad289b1f15fe): а мир пустой полностью?
[17:02:14] ReG_MPro (uuid: ffbba03a-cf9e-30bf-a53a-cf2f7dfdd5ee): нет
[17:02:28] ReG_MPro (uuid: ffbba03a-cf9e-30bf-a53a-cf2f7dfdd5ee): там есть часть плоского мира
[17:02:36] ReG_MPro (uuid: ffbba03a-cf9e-30bf-a53a-cf2f7dfdd5ee): но легко убрать //wand работает
[17:02:52] jackdog8123 (uuid: 4c7b3a90-aede-3502-bc6d-ad289b1f15fe): будем спавн делать?
[17:02:57] ReG_MPro (uuid: ffbba03a-cf9e-30bf-a53a-cf2f7dfdd5ee): да
[17:03:03] ReG_MPro (uuid: ffbba03a-cf9e-30bf-a53a-cf2f7dfdd5ee): спавн для мини игр
[17:03:11] ReG_MPro (uuid: ffbba03a-cf9e-30bf-a53a-cf2f7dfdd5ee): ща уберу голограмму
[17:05:00] jackdog8123 (uuid: 4c7b3a90-aede-3502-bc6d-ad289b1f15fe): неплохо
[17:05:02] ReG_MPro (uuid: ffbba03a-cf9e-30bf-a53a-cf2f7dfdd5ee): красиво)
[17:05:14] jackdog8123 (uuid: 4c7b3a90-aede-3502-bc6d-ad289b1f15fe): у меня есть идея как оформить
[17:05:28] jackdog8123 (uuid: 4c7b3a90-aede-3502-bc6d-ad289b1f15fe): пока не надо
[17:05:30] ReG_MPro (uuid: ffbba03a-cf9e-30bf-a53a-cf2f7dfdd5ee): ок
[17:06:59] jackdog8123 (uuid: 4c7b3a90-aede-3502-bc6d-ad289b1f15fe): смотри
[17:07:39] ReG_MPro (uuid: ffbba03a-cf9e-30bf-a53a-cf2f7dfdd5ee): напиши что нибудь в чат
[17:07:42] jackdog8123 (uuid: 4c7b3a90-aede-3502-bc6d-ad289b1f15fe): 123
[17:07:44] ReG_MPro (uuid: ffbba03a-cf9e-30bf-a53a-cf2f7dfdd5ee): неплохо
[17:07:50] jackdog8123 (uuid: 4c7b3a90-aede-3502-bc6d-ad289b1f15fe): хахах чо у меня ник такой
[17:07:56] ReG_MPro (uuid: ffbba03a-cf9e-30bf-a53a-cf2f7dfdd5ee): хахахах
[17:07:59] ReG_MPro (uuid: ffbba03a-cf9e-30bf-a53a-cf2f7dfdd5ee): ща уберу
[17:08:06] jackdog8123 (uuid: 4c7b3a90-aede-3502-bc6d-ad289b1f15fe): ты сделал приставку с моим ником, а надо просто приставку
[17:09:03] ReG_MPro (uuid: ffbba03a-cf9e-30bf-a53a-cf2f7dfdd5ee): я перезапущу сервер ок? у меня что то консоль не работает
[17:09:09] jackdog8123 (uuid: 4c7b3a90-aede-3502-bc6d-ad289b1f15fe): ок
[17:10:16] jackdog8123 (uuid: 4c7b3a90-aede-3502-bc6d-ad289b1f15fe): жепа
[17:10:21] ReG_MPro (uuid: ffbba03a-cf9e-30bf-a53a-cf2f7dfdd5ee): мдаа
[17:10:49] ReG_MPro (uuid: ffbba03a-cf9e-30bf-a53a-cf2f7dfdd5ee): ахеренно строишь)
[17:10:54] jackdog8123 (uuid: 4c7b3a90-aede-3502-bc6d-ad289b1f15fe): ну xd
[17:11:55] jackdog8123 (uuid: 4c7b3a90-aede-3502-bc6d-ad289b1f15fe): я не помню как я строил XD
[17:12:21] ReG_MPro (uuid: ffbba03a-cf9e-30bf-a53a-cf2f7dfdd5ee): а в чем задумка?
[17:12:30] jackdog8123 (uuid: 4c7b3a90-aede-3502-bc6d-ad289b1f15fe): в вк написал
[17:12:46] ReG_MPro (uuid: ffbba03a-cf9e-30bf-a53a-cf2f7dfdd5ee): ааа ок
[17:13:03] ReG_MPro (uuid: ffbba03a-cf9e-30bf-a53a-cf2f7dfdd5ee): пойду уберу лишний мир
[17:13:08] jackdog8123 (uuid: 4c7b3a90-aede-3502-bc6d-ad289b1f15fe): ага
[17:13:18] ReG_MPro (uuid: ffbba03a-cf9e-30bf-a53a-cf2f7dfdd5ee): хоть немного
[17:13:31] jackdog8123 (uuid: 4c7b3a90-aede-3502-bc6d-ad289b1f15fe): здесь ворлд едит есть весь? или только wand
[17:13:57] jackdog8123 (uuid: 4c7b3a90-aede-3502-bc6d-ad289b1f15fe): есть, посмотрел
[17:15:08] jackdog8123 (uuid: 4c7b3a90-aede-3502-bc6d-ad289b1f15fe): проверил кисти
[17:15:38] ReG_MPro (uuid: ffbba03a-cf9e-30bf-a53a-cf2f7dfdd5ee): особо можешь не стараться
[17:15:42] ReG_MPro (uuid: ffbba03a-cf9e-30bf-a53a-cf2f7dfdd5ee): для себя делаем
[17:16:52] jackdog8123 (uuid: 4c7b3a90-aede-3502-bc6d-ad289b1f15fe): я тут
[17:16:56] ReG_MPro (uuid: ffbba03a-cf9e-30bf-a53a-cf2f7dfdd5ee): ок
[17:17:24] jackdog8123 (uuid: 4c7b3a90-aede-3502-bc6d-ad289b1f15fe): я потом сглажу всё
[17:17:41] ReG_MPro (uuid: ffbba03a-cf9e-30bf-a53a-cf2f7dfdd5ee): как ты это делаешь? я знаю только /sp area 5XD
[17:17:50] jackdog8123 (uuid: 4c7b3a90-aede-3502-bc6d-ad289b1f15fe): /brush sphere 2 1
[17:17:54] ReG_MPro (uuid: ffbba03a-cf9e-30bf-a53a-cf2f7dfdd5ee): аааааа
[17:17:55] ReG_MPro (uuid: ffbba03a-cf9e-30bf-a53a-cf2f7dfdd5ee): спс
[17:17:59] jackdog8123 (uuid: 4c7b3a90-aede-3502-bc6d-ad289b1f15fe): предмет возьми в руку
[17:18:05] ReG_MPro (uuid: ffbba03a-cf9e-30bf-a53a-cf2f7dfdd5ee): да знаю
[17:18:11] jackdog8123 (uuid: 4c7b3a90-aede-3502-bc6d-ad289b1f15fe): первое число- блок- радиус
[17:18:20] jackdog8123 (uuid: 4c7b3a90-aede-3502-bc6d-ad289b1f15fe): второе радиус*
[17:20:34] jackdog8123 (uuid: 4c7b3a90-aede-3502-bc6d-ad289b1f15fe): мде
[17:20:42] ReG_MPro (uuid: ffbba03a-cf9e-30bf-a53a-cf2f7dfdd5ee): мне здесь делать порталы?
[17:20:48] jackdog8123 (uuid: 4c7b3a90-aede-3502-bc6d-ad289b1f15fe): ну давай
[17:21:28] ReG_MPro (uuid: ffbba03a-cf9e-30bf-a53a-cf2f7dfdd5ee): of gjcvjnh. rfr ygc ntktgjhn cltkfnm
[17:21:34] jackdog8123 (uuid: 4c7b3a90-aede-3502-bc6d-ad289b1f15fe): gfiohsd; dpfgh sdf?
[17:21:36] ReG_MPro (uuid: ffbba03a-cf9e-30bf-a53a-cf2f7dfdd5ee): ща посмотрю как нпс телепорт сделать
[17:21:36] jackdog8123 (uuid: 4c7b3a90-aede-3502-bc6d-ad289b1f15fe): ))
[17:25:19] ReG_MPro (uuid: ffbba03a-cf9e-30bf-a53a-cf2f7dfdd5ee): та бл
[17:25:27] jackdog8123 (uuid: 4c7b3a90-aede-3502-bc6d-ad289b1f15fe): жепа
[17:25:43] jackdog8123 (uuid: 4c7b3a90-aede-3502-bc6d-ad289b1f15fe): убери нпс, я сделаю для них подставки
[17:25:58] ReG_MPro (uuid: ffbba03a-cf9e-30bf-a53a-cf2f7dfdd5ee): ща
[17:26:12] ReG_MPro (uuid: ffbba03a-cf9e-30bf-a53a-cf2f7dfdd5ee): делай пока
[17:26:37] jackdog8123 (uuid: 4c7b3a90-aede-3502-bc6d-ad289b1f15fe): сделай меня билдером а не админом xd
[17:27:34] ReG_MPro (uuid: ffbba03a-cf9e-30bf-a53a-cf2f7dfdd5ee): напиши в чат
[17:27:37] jackdog8123 (uuid: 4c7b3a90-aede-3502-bc6d-ad289b1f15fe): 1
[17:28:01] jackdog8123 (uuid: 4c7b3a90-aede-3502-bc6d-ad289b1f15fe): норм
[17:28:27] ReG_MPro (uuid: ffbba03a-cf9e-30bf-a53a-cf2f7dfdd5ee): воу отлично
[17:30:24] jackdog8123 (uuid: 4c7b3a90-aede-3502-bc6d-ad289b1f15fe): лучше просто по памяти повторю
[17:32:52] jackdog8123 (uuid: 4c7b3a90-aede-3502-bc6d-ad289b1f15fe): ты заприватил?
[17:32:55] ReG_MPro (uuid: ffbba03a-cf9e-30bf-a53a-cf2f7dfdd5ee): хочу сделать типо герба
[17:32:57] ReG_MPro (uuid: ffbba03a-cf9e-30bf-a53a-cf2f7dfdd5ee): нет
[17:33:06] ReG_MPro (uuid: ffbba03a-cf9e-30bf-a53a-cf2f7dfdd5ee): ща сделаю приват и тебя добавлю
[17:33:16] jackdog8123 (uuid: 4c7b3a90-aede-3502-bc6d-ad289b1f15fe): пишет что я вторгся на твою территорию
[17:33:25] jackdog8123 (uuid: 4c7b3a90-aede-3502-bc6d-ad289b1f15fe): убери плагин который это пишет, мешает
[17:33:34] ReG_MPro (uuid: ffbba03a-cf9e-30bf-a53a-cf2f7dfdd5ee): ок
[17:33:35] jackdog8123 (uuid: 4c7b3a90-aede-3502-bc6d-ad289b1f15fe): ты еще криво это сделал, мне спамит прямо
[17:33:40] ReG_MPro (uuid: ffbba03a-cf9e-30bf-a53a-cf2f7dfdd5ee): придется перезайти
[17:33:46] jackdog8123 (uuid: 4c7b3a90-aede-3502-bc6d-ad289b1f15fe): давай
[17:35:13] jackdog8123 (uuid: 4c7b3a90-aede-3502-bc6d-ad289b1f15fe): ааа
[17:35:53] ReG_MPro (uuid: ffbba03a-cf9e-30bf-a53a-cf2f7dfdd5ee): хочу сделать типо герба
[17:36:00] jackdog8123 (uuid: 4c7b3a90-aede-3502-bc6d-ad289b1f15fe): пока не надо
[17:36:02] ReG_MPro (uuid: ffbba03a-cf9e-30bf-a53a-cf2f7dfdd5ee): ок
[17:36:02] jackdog8123 (uuid: 4c7b3a90-aede-3502-bc6d-ad289b1f15fe): у меня идея
[17:36:10] ReG_MPro (uuid: ffbba03a-cf9e-30bf-a53a-cf2f7dfdd5ee): здесь пусто
[17:36:19] jackdog8123 (uuid: 4c7b3a90-aede-3502-bc6d-ad289b1f15fe): взади этого спавна будет типо замок, и на нём герб
[17:36:25] ReG_MPro (uuid: ffbba03a-cf9e-30bf-a53a-cf2f7dfdd5ee): ооо прикольно
[17:36:36] ReG_MPro (uuid: ffbba03a-cf9e-30bf-a53a-cf2f7dfdd5ee): ну я ухожу. Приду мин через 10-20
[17:36:44] ReG_MPro (uuid: ffbba03a-cf9e-30bf-a53a-cf2f7dfdd5ee): пока
[17:36:45] jackdog8123 (uuid: 4c7b3a90-aede-3502-bc6d-ad289b1f15fe): ок
[17:36:51] ReG_MPro (uuid: ffbba03a-cf9e-30bf-a53a-cf2f7dfdd5ee): серв вкл оставляю
[17:36:54] jackdog8123 (uuid: 4c7b3a90-aede-3502-bc6d-ad289b1f15fe): ок
[17:45:22] jackdog8123 (uuid: 4c7b3a90-aede-3502-bc6d-ad289b1f15fe): ёмаё
[17:52:42] jackdog8123 (uuid: 4c7b3a90-aede-3502-bc6d-ad289b1f15fe): сделал гору
[18:00:18] jackdog8123 (uuid: 4c7b3a90-aede-3502-bc6d-ad289b1f15fe): привет
[18:00:22] ReG_MPro (uuid: ffbba03a-cf9e-30bf-a53a-cf2f7dfdd5ee): привет
[18:00:23] jackdog8123 (uuid: 4c7b3a90-aede-3502-bc6d-ad289b1f15fe): смотри что я сделал
[18:00:30] ReG_MPro (uuid: ffbba03a-cf9e-30bf-a53a-cf2f7dfdd5ee): ляя оч красиво
[18:00:37] jackdog8123 (uuid: 4c7b3a90-aede-3502-bc6d-ad289b1f15fe): еще пасхалку сделал
[18:01:03] ReG_MPro (uuid: ffbba03a-cf9e-30bf-a53a-cf2f7dfdd5ee): прикольно
[18:01:11] jackdog8123 (uuid: 4c7b3a90-aede-3502-bc6d-ad289b1f15fe): специально очень палевно, чтобы все знали
[18:01:18] jackdog8123 (uuid: 4c7b3a90-aede-3502-bc6d-ad289b1f15fe): может потом перенесу
[18:01:49] ReG_MPro (uuid: ffbba03a-cf9e-30bf-a53a-cf2f7dfdd5ee): вообще классно
[18:01:54] jackdog8123 (uuid: 4c7b3a90-aede-3502-bc6d-ad289b1f15fe): хах
[18:02:46] jackdog8123 (uuid: 4c7b3a90-aede-3502-bc6d-ad289b1f15fe): я думаю что можно сделать телепорт на какой нибудь анархо мир
[18:02:50] jackdog8123 (uuid: 4c7b3a90-aede-3502-bc6d-ad289b1f15fe): проще всего
[18:03:19] ReG_MPro (uuid: ffbba03a-cf9e-30bf-a53a-cf2f7dfdd5ee): можно сделать паркур на гору
[18:03:28] ReG_MPro (uuid: ffbba03a-cf9e-30bf-a53a-cf2f7dfdd5ee): хотя не
[18:03:30] jackdog8123 (uuid: 4c7b3a90-aede-3502-bc6d-ad289b1f15fe): она пустая
[18:03:33] jackdog8123 (uuid: 4c7b3a90-aede-3502-bc6d-ad289b1f15fe): не надо, долго
[18:03:36] ReG_MPro (uuid: ffbba03a-cf9e-30bf-a53a-cf2f7dfdd5ee): да я понял
[18:03:52] jackdog8123 (uuid: 4c7b3a90-aede-3502-bc6d-ad289b1f15fe): да и по ней впринципе можно и так забратся
[18:04:55] ReG_MPro (uuid: ffbba03a-cf9e-30bf-a53a-cf2f7dfdd5ee): ставить нпс?
[18:05:03] jackdog8123 (uuid: 4c7b3a90-aede-3502-bc6d-ad289b1f15fe): да, поставь тогда на бед варс
[18:05:13] ReG_MPro (uuid: ffbba03a-cf9e-30bf-a53a-cf2f7dfdd5ee): здесь ?
[18:05:13] jackdog8123 (uuid: 4c7b3a90-aede-3502-bc6d-ad289b1f15fe): оформи только, красного цвета там, и тд
[18:05:24] jackdog8123 (uuid: 4c7b3a90-aede-3502-bc6d-ad289b1f15fe): без разницы как то)
[18:07:12] ReG_MPro (uuid: ffbba03a-cf9e-30bf-a53a-cf2f7dfdd5ee): хаха смотри
[18:07:18] jackdog8123 (uuid: 4c7b3a90-aede-3502-bc6d-ad289b1f15fe): я скоро буду
[18:40:10] jackdog8123 (uuid: 4c7b3a90-aede-3502-bc6d-ad289b1f15fe): привет
[18:40:15] ReG_MPro (uuid: ffbba03a-cf9e-30bf-a53a-cf2f7dfdd5ee): привет
[18:40:28] ReG_MPro (uuid: ffbba03a-cf9e-30bf-a53a-cf2f7dfdd5ee): а я тут с вторым миром мучаюсь)
[18:40:55] jackdog8123 (uuid: 4c7b3a90-aede-3502-bc6d-ad289b1f15fe): а у меня лагает что то после деда, думаю щас перезагружу
[18:41:20] jackdog8123 (uuid: 4c7b3a90-aede-3502-bc6d-ad289b1f15fe): да, щас сделаю
[18:47:57] jackdog8123 (uuid: 4c7b3a90-aede-3502-bc6d-ad289b1f15fe): хоспади
[18:48:13] ReG_MPro (uuid: ffbba03a-cf9e-30bf-a53a-cf2f7dfdd5ee): что?
[18:48:23] ReG_MPro (uuid: ffbba03a-cf9e-30bf-a53a-cf2f7dfdd5ee): ураа я все настроил
[18:48:24] jackdog8123 (uuid: 4c7b3a90-aede-3502-bc6d-ad289b1f15fe): команд много
[18:48:52] jackdog8123 (uuid: 4c7b3a90-aede-3502-bc6d-ad289b1f15fe): хахах
[18:48:55] jackdog8123 (uuid: 4c7b3a90-aede-3502-bc6d-ad289b1f15fe): чтот не то
[18:49:05] ReG_MPro (uuid: ffbba03a-cf9e-30bf-a53a-cf2f7dfdd5ee): для удобства
[18:49:14] ReG_MPro (uuid: ffbba03a-cf9e-30bf-a53a-cf2f7dfdd5ee): ./goto lobby
[18:49:45] jackdog8123 (uuid: 4c7b3a90-aede-3502-bc6d-ad289b1f15fe): чёт у меня жестко виснет, что делать?
[18:49:57] jackdog8123 (uuid: 4c7b3a90-aede-3502-bc6d-ad289b1f15fe): когда камерой качаю, фпс мало
[18:50:12] ReG_MPro (uuid: ffbba03a-cf9e-30bf-a53a-cf2f7dfdd5ee): хз
[18:50:27] ReG_MPro (uuid: ffbba03a-cf9e-30bf-a53a-cf2f7dfdd5ee): может пролагает
[18:50:47] jackdog8123 (uuid: 4c7b3a90-aede-3502-bc6d-ad289b1f15fe): о, прошло
[18:51:09] jackdog8123 (uuid: 4c7b3a90-aede-3502-bc6d-ad289b1f15fe): из-за v-sync было
[18:51:24] ReG_MPro (uuid: ffbba03a-cf9e-30bf-a53a-cf2f7dfdd5ee): хахах
[18:51:25] jackdog8123 (uuid: 4c7b3a90-aede-3502-bc6d-ad289b1f15fe): лентяй))
[18:51:59] jackdog8123 (uuid: 4c7b3a90-aede-3502-bc6d-ad289b1f15fe): я пожалуй построю карту, будет у нас собтсвенная карта св
[18:52:07] ReG_MPro (uuid: ffbba03a-cf9e-30bf-a53a-cf2f7dfdd5ee): бедварс
[18:52:09] ReG_MPro (uuid: ffbba03a-cf9e-30bf-a53a-cf2f7dfdd5ee): не
[18:52:11] jackdog8123 (uuid: 4c7b3a90-aede-3502-bc6d-ad289b1f15fe): ну бед варс
[18:52:12] ReG_MPro (uuid: ffbba03a-cf9e-30bf-a53a-cf2f7dfdd5ee): потом вместе
[18:52:28] ReG_MPro (uuid: ffbba03a-cf9e-30bf-a53a-cf2f7dfdd5ee): давай сейчас ну к примеру ожидание игры
[18:52:32] ReG_MPro (uuid: ffbba03a-cf9e-30bf-a53a-cf2f7dfdd5ee): вверху
[18:52:40] jackdog8123 (uuid: 4c7b3a90-aede-3502-bc6d-ad289b1f15fe): ага, поставь блок какой нибудь
[18:52:55] ReG_MPro (uuid: ffbba03a-cf9e-30bf-a53a-cf2f7dfdd5ee): ок
[18:53:13] jackdog8123 (uuid: 4c7b3a90-aede-3502-bc6d-ad289b1f15fe): /speed 2
[18:53:22] ReG_MPro (uuid: ffbba03a-cf9e-30bf-a53a-cf2f7dfdd5ee): та неее))))
[18:53:27] jackdog8123 (uuid: 4c7b3a90-aede-3502-bc6d-ad289b1f15fe): спид 2
[18:53:29] jackdog8123 (uuid: 4c7b3a90-aede-3502-bc6d-ad289b1f15fe): ))
[18:53:38] ReG_MPro (uuid: ffbba03a-cf9e-30bf-a53a-cf2f7dfdd5ee): хахахах
[18:54:55] jackdog8123 (uuid: 4c7b3a90-aede-3502-bc6d-ad289b1f15fe): ээ
[18:55:02] jackdog8123 (uuid: 4c7b3a90-aede-3502-bc6d-ad289b1f15fe): ладно, делаем спувн
[18:55:14] ReG_MPro (uuid: ffbba03a-cf9e-30bf-a53a-cf2f7dfdd5ee): смотри
[18:55:23] ReG_MPro (uuid: ffbba03a-cf9e-30bf-a53a-cf2f7dfdd5ee): твой клон)
[18:55:32] jackdog8123 (uuid: 4c7b3a90-aede-3502-bc6d-ad289b1f15fe): ахахах
[18:56:57] jackdog8123 (uuid: 4c7b3a90-aede-3502-bc6d-ad289b1f15fe): хочешь узнать как красиво горы делать?
[18:57:05] ReG_MPro (uuid: ffbba03a-cf9e-30bf-a53a-cf2f7dfdd5ee): хмм хочу)
[18:57:22] jackdog8123 (uuid: 4c7b3a90-aede-3502-bc6d-ad289b1f15fe): нужно песком всё делать, он будет падать, и сам красиво сделается, будет гора
[18:57:26] jackdog8123 (uuid: 4c7b3a90-aede-3502-bc6d-ad289b1f15fe): ту гору я так и сделал
[18:58:02] ReG_MPro (uuid: ffbba03a-cf9e-30bf-a53a-cf2f7dfdd5ee): неплохо)
[18:58:19] jackdog8123 (uuid: 4c7b3a90-aede-3502-bc6d-ad289b1f15fe): а потом весь песок реплейс на камень
[18:59:19] jackdog8123 (uuid: 4c7b3a90-aede-3502-bc6d-ad289b1f15fe): упс
[18:59:44] jackdog8123 (uuid: 4c7b3a90-aede-3502-bc6d-ad289b1f15fe): и так же со снегом
[18:59:50] ReG_MPro (uuid: ffbba03a-cf9e-30bf-a53a-cf2f7dfdd5ee): пон
[19:00:39] ReG_MPro (uuid: ffbba03a-cf9e-30bf-a53a-cf2f7dfdd5ee): красиво
[19:00:46] jackdog8123 (uuid: 4c7b3a90-aede-3502-bc6d-ad289b1f15fe): и просто
[19:01:54] jackdog8123 (uuid: 4c7b3a90-aede-3502-bc6d-ad289b1f15fe): нужно всё закрыть
[19:02:11] jackdog8123 (uuid: 4c7b3a90-aede-3502-bc6d-ad289b1f15fe): у барьера айди вроде 255
[19:02:21] jackdog8123 (uuid: 4c7b3a90-aede-3502-bc6d-ad289b1f15fe): а нет
[19:02:25] ReG_MPro (uuid: ffbba03a-cf9e-30bf-a53a-cf2f7dfdd5ee): хахха
[19:02:31] ReG_MPro (uuid: ffbba03a-cf9e-30bf-a53a-cf2f7dfdd5ee): та пиши просто barrier
[19:02:41] jackdog8123 (uuid: 4c7b3a90-aede-3502-bc6d-ad289b1f15fe): ага
[19:03:30] jackdog8123 (uuid: 4c7b3a90-aede-3502-bc6d-ad289b1f15fe): хотя пофиг, упадут и упадут, тепнет
[19:03:46] ReG_MPro (uuid: ffbba03a-cf9e-30bf-a53a-cf2f7dfdd5ee): смотри
[19:03:58] ReG_MPro (uuid: ffbba03a-cf9e-30bf-a53a-cf2f7dfdd5ee): черт(
[19:04:00] jackdog8123 (uuid: 4c7b3a90-aede-3502-bc6d-ad289b1f15fe): а мне можешь поменять?
[19:04:14] ReG_MPro (uuid: ffbba03a-cf9e-30bf-a53a-cf2f7dfdd5ee): ./pt комманда {player}
[19:04:35] ReG_MPro (uuid: ffbba03a-cf9e-30bf-a53a-cf2f7dfdd5ee): бл
[19:05:03] ReG_MPro (uuid: ffbba03a-cf9e-30bf-a53a-cf2f7dfdd5ee): ааааа
[19:05:36] ReG_MPro (uuid: ffbba03a-cf9e-30bf-a53a-cf2f7dfdd5ee): та пофиг
[19:05:36] jackdog8123 (uuid: 4c7b3a90-aede-3502-bc6d-ad289b1f15fe): я не могу тебя кикнуть киркой))
[19:05:51] ReG_MPro (uuid: ffbba03a-cf9e-30bf-a53a-cf2f7dfdd5ee): ааа
[19:05:59] ReG_MPro (uuid: ffbba03a-cf9e-30bf-a53a-cf2f7dfdd5ee): потому что у нас с тобой у обоих опка
[19:06:23] jackdog8123 (uuid: 4c7b3a90-aede-3502-bc6d-ad289b1f15fe): бляя я на землю назначил эту команду, ничего сломать не могу
[19:06:29] jackdog8123 (uuid: 4c7b3a90-aede-3502-bc6d-ad289b1f15fe): как убрать? перезайти?
[19:06:39] ReG_MPro (uuid: ffbba03a-cf9e-30bf-a53a-cf2f7dfdd5ee): просто возьми другую землю
[19:06:46] jackdog8123 (uuid: 4c7b3a90-aede-3502-bc6d-ad289b1f15fe): перезайду
[19:07:15] jackdog8123 (uuid: 4c7b3a90-aede-3502-bc6d-ad289b1f15fe): жопа
[19:07:20] jackdog8123 (uuid: 4c7b3a90-aede-3502-bc6d-ad289b1f15fe): не могу теперь
[19:07:38] jackdog8123 (uuid: 4c7b3a90-aede-3502-bc6d-ad289b1f15fe): ладно, буду просто не землей ломать, а рукой и тд
[19:07:38] ReG_MPro (uuid: ffbba03a-cf9e-30bf-a53a-cf2f7dfdd5ee): бл
[19:08:07] jackdog8123 (uuid: 4c7b3a90-aede-3502-bc6d-ad289b1f15fe): я хочу тут построить типо райский уголок, прудик, дерево, пчелы и тд
[19:08:13] ReG_MPro (uuid: ffbba03a-cf9e-30bf-a53a-cf2f7dfdd5ee): ааа
[19:08:35] ReG_MPro (uuid: ffbba03a-cf9e-30bf-a53a-cf2f7dfdd5ee): здесь вода лагает
[19:08:44] jackdog8123 (uuid: 4c7b3a90-aede-3502-bc6d-ad289b1f15fe): сильно?
[19:08:51] ReG_MPro (uuid: ffbba03a-cf9e-30bf-a53a-cf2f7dfdd5ee): а нет. Все норм
[19:08:52] jackdog8123 (uuid: 4c7b3a90-aede-3502-bc6d-ad289b1f15fe): да нет
[19:09:33] jackdog8123 (uuid: 4c7b3a90-aede-3502-bc6d-ad289b1f15fe): да неет
[19:09:55] jackdog8123 (uuid: 4c7b3a90-aede-3502-bc6d-ad289b1f15fe): уже до абсурда довели этот песок вокруг озёр
[19:11:08] ReG_MPro (uuid: ffbba03a-cf9e-30bf-a53a-cf2f7dfdd5ee): блиин
[19:11:10] jackdog8123 (uuid: 4c7b3a90-aede-3502-bc6d-ad289b1f15fe): какого.. тут вода в лед превращается
[19:11:13] jackdog8123 (uuid: 4c7b3a90-aede-3502-bc6d-ad289b1f15fe): изза снега
[19:11:25] ReG_MPro (uuid: ffbba03a-cf9e-30bf-a53a-cf2f7dfdd5ee): походу потому что тут холодный биом
[19:11:33] jackdog8123 (uuid: 4c7b3a90-aede-3502-bc6d-ad289b1f15fe): аа неет, тут горный биом....
[19:11:44] jackdog8123 (uuid: 4c7b3a90-aede-3502-bc6d-ad289b1f15fe): кабздэц
[19:11:45] ReG_MPro (uuid: ffbba03a-cf9e-30bf-a53a-cf2f7dfdd5ee): блин
[19:11:55] ReG_MPro (uuid: ffbba03a-cf9e-30bf-a53a-cf2f7dfdd5ee): хмм а если через set?
[19:12:00] jackdog8123 (uuid: 4c7b3a90-aede-3502-bc6d-ad289b1f15fe): попробуй
[19:12:27] ReG_MPro (uuid: ffbba03a-cf9e-30bf-a53a-cf2f7dfdd5ee): крч
[19:12:31] ReG_MPro (uuid: ffbba03a-cf9e-30bf-a53a-cf2f7dfdd5ee): я отойду
[19:12:35] ReG_MPro (uuid: ffbba03a-cf9e-30bf-a53a-cf2f7dfdd5ee): может даже на 1 час
[19:12:36] jackdog8123 (uuid: 4c7b3a90-aede-3502-bc6d-ad289b1f15fe): ага
[19:12:41] ReG_MPro (uuid: ffbba03a-cf9e-30bf-a53a-cf2f7dfdd5ee): если что пиши в вк
[19:15:34] jackdog8123 (uuid: 4c7b3a90-aede-3502-bc6d-ad289b1f15fe): ну нафиг этот пруд, виснет
[19:16:06] jackdog8123 (uuid: 4c7b3a90-aede-3502-bc6d-ad289b1f15fe): у меня пипец пинг, наверно пока что офф
[21:14:07] ReG_MPro (uuid: ffbba03a-cf9e-30bf-a53a-cf2f7dfdd5ee): оо
[21:14:13] ReG_MPro (uuid: ffbba03a-cf9e-30bf-a53a-cf2f7dfdd5ee): ты здесь?
[21:15:14] jackdog8123 (uuid: 4c7b3a90-aede-3502-bc6d-ad289b1f15fe): немного объёма
[21:15:18] ReG_MPro (uuid: ffbba03a-cf9e-30bf-a53a-cf2f7dfdd5ee): ок
[21:16:33] ReG_MPro (uuid: ffbba03a-cf9e-30bf-a53a-cf2f7dfdd5ee): ну что, давай строить карту?
[21:16:39] jackdog8123 (uuid: 4c7b3a90-aede-3502-bc6d-ad289b1f15fe): секунду
[21:16:55] ReG_MPro (uuid: ffbba03a-cf9e-30bf-a53a-cf2f7dfdd5ee): ооо
[21:17:16] ReG_MPro (uuid: ffbba03a-cf9e-30bf-a53a-cf2f7dfdd5ee): может добавить голограмму?
[21:17:27] jackdog8123 (uuid: 4c7b3a90-aede-3502-bc6d-ad289b1f15fe): "лобби ожидания"
[21:17:34] jackdog8123 (uuid: 4c7b3a90-aede-3502-bc6d-ad289b1f15fe): либо "паркурчик"
[21:17:35] ReG_MPro (uuid: ffbba03a-cf9e-30bf-a53a-cf2f7dfdd5ee): хотяне
[21:17:42] ReG_MPro (uuid: ffbba03a-cf9e-30bf-a53a-cf2f7dfdd5ee): вот паркур можно
[21:25:35] jackdog8123 (uuid: 4c7b3a90-aede-3502-bc6d-ad289b1f15fe): а я не там
[21:25:43] ReG_MPro (uuid: ffbba03a-cf9e-30bf-a53a-cf2f7dfdd5ee): та бл
[21:25:53] ReG_MPro (uuid: ffbba03a-cf9e-30bf-a53a-cf2f7dfdd5ee): опять нпс пропадают
[21:26:51] ReG_MPro (uuid: ffbba03a-cf9e-30bf-a53a-cf2f7dfdd5ee): лан
[21:26:53] ReG_MPro (uuid: ffbba03a-cf9e-30bf-a53a-cf2f7dfdd5ee): потом решил
[21:26:57] ReG_MPro (uuid: ffbba03a-cf9e-30bf-a53a-cf2f7dfdd5ee): решим
[21:27:24] jackdog8123 (uuid: 4c7b3a90-aede-3502-bc6d-ad289b1f15fe): немного изменил паркур
[21:27:57] jackdog8123 (uuid: 4c7b3a90-aede-3502-bc6d-ad289b1f15fe): хах
[21:31:44] jackdog8123 (uuid: 4c7b3a90-aede-3502-bc6d-ad289b1f15fe): шо такое у тебя
[21:31:49] ReG_MPro (uuid: ffbba03a-cf9e-30bf-a53a-cf2f7dfdd5ee): праблемы
[21:32:04] jackdog8123 (uuid: 4c7b3a90-aede-3502-bc6d-ad289b1f15fe): попробуй создать новый мир, и уже там
[21:32:26] ReG_MPro (uuid: ffbba03a-cf9e-30bf-a53a-cf2f7dfdd5ee): я вот и пытаюсь новый мир создать
[21:35:48] ReG_MPro (uuid: ffbba03a-cf9e-30bf-a53a-cf2f7dfdd5ee): ?
[21:35:54] jackdog8123 (uuid: 4c7b3a90-aede-3502-bc6d-ad289b1f15fe): надпись bw
[21:36:46] jackdog8123 (uuid: 4c7b3a90-aede-3502-bc6d-ad289b1f15fe): не xd
[21:42:05] ReG_MPro (uuid: ffbba03a-cf9e-30bf-a53a-cf2f7dfdd5ee): да бл!
[21:42:18] jackdog8123 (uuid: 4c7b3a90-aede-3502-bc6d-ad289b1f15fe): бывает
[21:46:11] jackdog8123 (uuid: 4c7b3a90-aede-3502-bc6d-ad289b1f15fe): ну, не судьба xd
[21:47:39] jackdog8123 (uuid: 4c7b3a90-aede-3502-bc6d-ad289b1f15fe): опа
[21:47:50] jackdog8123 (uuid: 4c7b3a90-aede-3502-bc6d-ad289b1f15fe): аж пролагнуло
[21:47:53] ReG_MPro (uuid: ffbba03a-cf9e-30bf-a53a-cf2f7dfdd5ee): ТА НАКОНЕЦ ТО ГУСЬПОДИ!
[21:48:40] ReG_MPro (uuid: ffbba03a-cf9e-30bf-a53a-cf2f7dfdd5ee): ТА БЛ
[21:48:42] jackdog8123 (uuid: 4c7b3a90-aede-3502-bc6d-ad289b1f15fe): водааа((
[21:48:48] jackdog8123 (uuid: 4c7b3a90-aede-3502-bc6d-ad289b1f15fe): ланает в ней
[21:48:55] ReG_MPro (uuid: ffbba03a-cf9e-30bf-a53a-cf2f7dfdd5ee): не не то
[21:48:58] jackdog8123 (uuid: 4c7b3a90-aede-3502-bc6d-ad289b1f15fe): топ бв))
[21:49:15] jackdog8123 (uuid: 4c7b3a90-aede-3502-bc6d-ad289b1f15fe): как тп на лобби ожидания?
[21:49:41] jackdog8123 (uuid: 4c7b3a90-aede-3502-bc6d-ad289b1f15fe): как тп на лобби ожидания?
[21:49:58] jackdog8123 (uuid: 4c7b3a90-aede-3502-bc6d-ad289b1f15fe): не то, бв лобби
[21:50:07] jackdog8123 (uuid: 4c7b3a90-aede-3502-bc6d-ad289b1f15fe): спс
[21:51:02] jackdog8123 (uuid: 4c7b3a90-aede-3502-bc6d-ad289b1f15fe): ?
[21:51:07] jackdog8123 (uuid: 4c7b3a90-aede-3502-bc6d-ad289b1f15fe): меня не тпшнуло
[21:51:17] jackdog8123 (uuid: 4c7b3a90-aede-3502-bc6d-ad289b1f15fe): а во
[21:51:27] jackdog8123 (uuid: 4c7b3a90-aede-3502-bc6d-ad289b1f15fe): строить?:\\
[21:51:34] ReG_MPro (uuid: ffbba03a-cf9e-30bf-a53a-cf2f7dfdd5ee): да давай
[21:51:42] ReG_MPro (uuid: ffbba03a-cf9e-30bf-a53a-cf2f7dfdd5ee): давай определимся с темой
[21:51:54] jackdog8123 (uuid: 4c7b3a90-aede-3502-bc6d-ad289b1f15fe): го что то типо руин
[21:51:58] jackdog8123 (uuid: 4c7b3a90-aede-3502-bc6d-ad289b1f15fe): легко будет
[21:52:04] jackdog8123 (uuid: 4c7b3a90-aede-3502-bc6d-ad289b1f15fe): в брашем
[21:52:05] ReG_MPro (uuid: ffbba03a-cf9e-30bf-a53a-cf2f7dfdd5ee): да не
[21:52:18] ReG_MPro (uuid: ffbba03a-cf9e-30bf-a53a-cf2f7dfdd5ee): я типо хацкер
[21:52:29] ReG_MPro (uuid: ffbba03a-cf9e-30bf-a53a-cf2f7dfdd5ee): и хотел бы что то в таком стиле
[21:52:45] jackdog8123 (uuid: 4c7b3a90-aede-3502-bc6d-ad289b1f15fe): я не умею всё такое современное и тп
[21:53:00] ReG_MPro (uuid: ffbba03a-cf9e-30bf-a53a-cf2f7dfdd5ee): хмм
[21:53:10] ReG_MPro (uuid: ffbba03a-cf9e-30bf-a53a-cf2f7dfdd5ee): ну го тип пиратскую тему?
[21:53:18] jackdog8123 (uuid: 4c7b3a90-aede-3502-bc6d-ad289b1f15fe): хмм
[21:53:37] jackdog8123 (uuid: 4c7b3a90-aede-3502-bc6d-ad289b1f15fe): песок нужен будет если пираты, долго делать чтобы он не падал
[21:53:58] ReG_MPro (uuid: ffbba03a-cf9e-30bf-a53a-cf2f7dfdd5ee): я хочу типо короблей
[21:54:12] ReG_MPro (uuid: ffbba03a-cf9e-30bf-a53a-cf2f7dfdd5ee): по маленьким на базу и большой на центр
[21:54:15] jackdog8123 (uuid: 4c7b3a90-aede-3502-bc6d-ad289b1f15fe): давай корабли, но в мультяшном стиле, как в инди играх
[21:54:38] ReG_MPro (uuid: ffbba03a-cf9e-30bf-a53a-cf2f7dfdd5ee): хмм сможешь фотку в вк
[21:54:39] ReG_MPro (uuid: ffbba03a-cf9e-30bf-a53a-cf2f7dfdd5ee): ?
[21:54:43] jackdog8123 (uuid: 4c7b3a90-aede-3502-bc6d-ad289b1f15fe): не
[21:55:30] jackdog8123 (uuid: 4c7b3a90-aede-3502-bc6d-ad289b1f15fe): ну типа кораблики маленькие и не пропорцианальные, и на шариках))
[21:56:24] ReG_MPro (uuid: ffbba03a-cf9e-30bf-a53a-cf2f7dfdd5ee): на шариках?
[21:56:27] jackdog8123 (uuid: 4c7b3a90-aede-3502-bc6d-ad289b1f15fe): дыа
[21:57:15] jackdog8123 (uuid: 4c7b3a90-aede-3502-bc6d-ad289b1f15fe): ладно, просто корабли
[22:00:31] ReG_MPro (uuid: ffbba03a-cf9e-30bf-a53a-cf2f7dfdd5ee): здесь сделаем типо окна из кают
[22:00:38] jackdog8123 (uuid: 4c7b3a90-aede-3502-bc6d-ad289b1f15fe): не
[22:00:41] jackdog8123 (uuid: 4c7b3a90-aede-3502-bc6d-ad289b1f15fe): тут палуба
[22:00:45] ReG_MPro (uuid: ffbba03a-cf9e-30bf-a53a-cf2f7dfdd5ee): ааа
[22:00:46] jackdog8123 (uuid: 4c7b3a90-aede-3502-bc6d-ad289b1f15fe): а тут спавн
[22:00:50] jackdog8123 (uuid: 4c7b3a90-aede-3502-bc6d-ad289b1f15fe): да блиин
[22:03:02] jackdog8123 (uuid: 4c7b3a90-aede-3502-bc6d-ad289b1f15fe): тут продавец будет
[22:04:19] jackdog8123 (uuid: 4c7b3a90-aede-3502-bc6d-ad289b1f15fe): тут генератор
[22:07:04] ReG_MPro (uuid: ffbba03a-cf9e-30bf-a53a-cf2f7dfdd5ee): не бред
[22:07:14] jackdog8123 (uuid: 4c7b3a90-aede-3502-bc6d-ad289b1f15fe): красное надо xd
[22:07:20] jackdog8123 (uuid: 4c7b3a90-aede-3502-bc6d-ad289b1f15fe): оставь мне, я сделаю
[22:07:46] ReG_MPro (uuid: ffbba03a-cf9e-30bf-a53a-cf2f7dfdd5ee): квааснно
[22:08:10] jackdog8123 (uuid: 4c7b3a90-aede-3502-bc6d-ad289b1f15fe): я потом оформлю, вот так квадратом не будет
[22:09:08] ReG_MPro (uuid: ffbba03a-cf9e-30bf-a53a-cf2f7dfdd5ee): где спавн?
[22:09:14] ReG_MPro (uuid: ffbba03a-cf9e-30bf-a53a-cf2f7dfdd5ee): сразу поставлю
[22:09:58] jackdog8123 (uuid: 4c7b3a90-aede-3502-bc6d-ad289b1f15fe): потом поставь фармилку железа и тп, прокачку и ресы
[22:10:07] jackdog8123 (uuid: 4c7b3a90-aede-3502-bc6d-ad289b1f15fe): команда если что красная
[22:14:21] jackdog8123 (uuid: 4c7b3a90-aede-3502-bc6d-ad289b1f15fe): норм так
[22:18:27] jackdog8123 (uuid: 4c7b3a90-aede-3502-bc6d-ad289b1f15fe): ыы
[22:18:52] jackdog8123 (uuid: 4c7b3a90-aede-3502-bc6d-ad289b1f15fe): а ты можешь просто скопировать корабли? лень строить
[22:19:05] ReG_MPro (uuid: ffbba03a-cf9e-30bf-a53a-cf2f7dfdd5ee): я это и делаю
[22:19:24] jackdog8123 (uuid: 4c7b3a90-aede-3502-bc6d-ad289b1f15fe): так, я типо игрок, строюсь до спавна, сделаю оптимально, не быстро, не долго
[22:21:02] jackdog8123 (uuid: 4c7b3a90-aede-3502-bc6d-ad289b1f15fe): нене пока что
[22:21:09] jackdog8123 (uuid: 4c7b3a90-aede-3502-bc6d-ad289b1f15fe): от центра будешь ориентироватся
[22:21:33] jackdog8123 (uuid: 4c7b3a90-aede-3502-bc6d-ad289b1f15fe): как узнать айди блока?
[22:21:40] ReG_MPro (uuid: ffbba03a-cf9e-30bf-a53a-cf2f7dfdd5ee): хз
[22:23:18] jackdog8123 (uuid: 4c7b3a90-aede-3502-bc6d-ad289b1f15fe): ээм
[22:23:29] jackdog8123 (uuid: 4c7b3a90-aede-3502-bc6d-ad289b1f15fe): этачо
[22:23:34] jackdog8123 (uuid: 4c7b3a90-aede-3502-bc6d-ad289b1f15fe): убери
[22:23:37] ReG_MPro (uuid: ffbba03a-cf9e-30bf-a53a-cf2f7dfdd5ee): хахахаха
[22:23:48] jackdog8123 (uuid: 4c7b3a90-aede-3502-bc6d-ad289b1f15fe): ладн не надо
[22:28:24] jackdog8123 (uuid: 4c7b3a90-aede-3502-bc6d-ad289b1f15fe): без воды плиз)
[22:31:42] jackdog8123 (uuid: 4c7b3a90-aede-3502-bc6d-ad289b1f15fe): хахахХАХА
[22:31:50] ReG_MPro (uuid: ffbba03a-cf9e-30bf-a53a-cf2f7dfdd5ee): хахха
[22:33:20] jackdog8123 (uuid: 4c7b3a90-aede-3502-bc6d-ad289b1f15fe): парапарам пам всё
[22:34:46] ReG_MPro (uuid: ffbba03a-cf9e-30bf-a53a-cf2f7dfdd5ee): я ищу головы кокоса
[22:36:35] jackdog8123 (uuid: 4c7b3a90-aede-3502-bc6d-ad289b1f15fe): я голый танос ыгыгыг
[22:36:54] jackdog8123 (uuid: 4c7b3a90-aede-3502-bc6d-ad289b1f15fe): я тебя перчаткой трахну
[22:37:02] ReG_MPro (uuid: ffbba03a-cf9e-30bf-a53a-cf2f7dfdd5ee): хаха
[22:37:11] jackdog8123 (uuid: 4c7b3a90-aede-3502-bc6d-ad289b1f15fe): ахаххахахахАХАХ
[22:37:23] ReG_MPro (uuid: ffbba03a-cf9e-30bf-a53a-cf2f7dfdd5ee): эээ
[22:37:25] ReG_MPro (uuid: ffbba03a-cf9e-30bf-a53a-cf2f7dfdd5ee): как?
[22:37:42] jackdog8123 (uuid: 4c7b3a90-aede-3502-bc6d-ad289b1f15fe): во
[22:37:57] ReG_MPro (uuid: ffbba03a-cf9e-30bf-a53a-cf2f7dfdd5ee): хахахах
[22:38:03] jackdog8123 (uuid: 4c7b3a90-aede-3502-bc6d-ad289b1f15fe): это вроде фейк команда
[22:38:34] jackdog8123 (uuid: 4c7b3a90-aede-3502-bc6d-ad289b1f15fe): опни))
[22:38:40] jackdog8123 (uuid: 4c7b3a90-aede-3502-bc6d-ad289b1f15fe): за спам кикнуло
[22:39:57] jackdog8123 (uuid: 4c7b3a90-aede-3502-bc6d-ad289b1f15fe): будет 2 спавнера изюмов, но спавн будет каждые 35 секунд, в обычном минута
[22:41:15] jackdog8123 (uuid: 4c7b3a90-aede-3502-bc6d-ad289b1f15fe): ну, впринципе всё, дальше просто копировать
[22:42:32] jackdog8123 (uuid: 4c7b3a90-aede-3502-bc6d-ad289b1f15fe): а как будет спавнится?
[22:42:38] ReG_MPro (uuid: ffbba03a-cf9e-30bf-a53a-cf2f7dfdd5ee): где берешь ники для голов?
[22:42:44] ReG_MPro (uuid: ffbba03a-cf9e-30bf-a53a-cf2f7dfdd5ee): ща увидишь)
[22:42:48] jackdog8123 (uuid: 4c7b3a90-aede-3502-bc6d-ad289b1f15fe): у меня сохранены просто
[22:42:48] ReG_MPro (uuid: ffbba03a-cf9e-30bf-a53a-cf2f7dfdd5ee): точнее не ща
[22:44:36] ReG_MPro (uuid: ffbba03a-cf9e-30bf-a53a-cf2f7dfdd5ee): здесь будет спавниться
[22:45:03] jackdog8123 (uuid: 4c7b3a90-aede-3502-bc6d-ad289b1f15fe): они спавнятся?
[22:45:09] ReG_MPro (uuid: ffbba03a-cf9e-30bf-a53a-cf2f7dfdd5ee): пока нет
[22:45:17] ReG_MPro (uuid: ffbba03a-cf9e-30bf-a53a-cf2f7dfdd5ee): мы сейчас в дебигинге
[22:47:23] jackdog8123 (uuid: 4c7b3a90-aede-3502-bc6d-ad289b1f15fe): хмхмхм
[22:47:36] jackdog8123 (uuid: 4c7b3a90-aede-3502-bc6d-ad289b1f15fe): пойду пока что на спавн
[22:58:15] jackdog8123 (uuid: 4c7b3a90-aede-3502-bc6d-ad289b1f15fe): +2 горы на спавне!
[23:02:38] ReG_MPro (uuid: ffbba03a-cf9e-30bf-a53a-cf2f7dfdd5ee): вау
[23:02:43] jackdog8123 (uuid: 4c7b3a90-aede-3502-bc6d-ad289b1f15fe): хыхых
[23:12:22] ReG_MPro (uuid: ffbba03a-cf9e-30bf-a53a-cf2f7dfdd5ee): саасно
[23:12:29] jackdog8123 (uuid: 4c7b3a90-aede-3502-bc6d-ad289b1f15fe): хыы
[23:25:40] jackdog8123 (uuid: 4c7b3a90-aede-3502-bc6d-ad289b1f15fe): АХХАХА
[23:25:47] ReG_MPro (uuid: ffbba03a-cf9e-30bf-a53a-cf2f7dfdd5ee): не нада
[23:27:04] jackdog8123 (uuid: 4c7b3a90-aede-3502-bc6d-ad289b1f15fe): ахахах
[23:27:08] ReG_MPro (uuid: ffbba03a-cf9e-30bf-a53a-cf2f7dfdd5ee): cyka
[23:27:12] ReG_MPro (uuid: ffbba03a-cf9e-30bf-a53a-cf2f7dfdd5ee): хаха
[23:27:15] jackdog8123 (uuid: 4c7b3a90-aede-3502-bc6d-ad289b1f15fe): ыы
[23:28:00] ReG_MPro (uuid: ffbba03a-cf9e-30bf-a53a-cf2f7dfdd5ee): убирай здесь все лишнее
[23:28:48] jackdog8123 (uuid: 4c7b3a90-aede-3502-bc6d-ad289b1f15fe): мне написала какая то баба, не одноклассница, если эта не папулярность, то што эта?
[23:30:13] jackdog8123 (uuid: 4c7b3a90-aede-3502-bc6d-ad289b1f15fe): Жёлиые в жопе мира, подвинь их
[23:31:14] ReG_MPro (uuid: ffbba03a-cf9e-30bf-a53a-cf2f7dfdd5ee): попробуй сам
[23:31:20] ReG_MPro (uuid: ffbba03a-cf9e-30bf-a53a-cf2f7dfdd5ee): cut paste
[23:31:21] jackdog8123 (uuid: 4c7b3a90-aede-3502-bc6d-ad289b1f15fe): не умею .-.
[23:31:30] jackdog8123 (uuid: 4c7b3a90-aede-3502-bc6d-ad289b1f15fe): я накосячу
[23:32:11] jackdog8123 (uuid: 4c7b3a90-aede-3502-bc6d-ad289b1f15fe): ладно пофиг
[23:32:37] jackdog8123 (uuid: 4c7b3a90-aede-3502-bc6d-ad289b1f15fe): не делай так, просто лети в точку и пиши //pos1 или 2
[23:33:13] jackdog8123 (uuid: 4c7b3a90-aede-3502-bc6d-ad289b1f15fe): блоков 20-25
[23:33:24] ReG_MPro (uuid: ffbba03a-cf9e-30bf-a53a-cf2f7dfdd5ee): так?
[23:33:34] jackdog8123 (uuid: 4c7b3a90-aede-3502-bc6d-ad289b1f15fe): с алмазами так же, близко к миду
[23:33:35] jackdog8123 (uuid: 4c7b3a90-aede-3502-bc6d-ad289b1f15fe): дада
[23:33:54] ReG_MPro (uuid: ffbba03a-cf9e-30bf-a53a-cf2f7dfdd5ee): та норм
[23:33:58] jackdog8123 (uuid: 4c7b3a90-aede-3502-bc6d-ad289b1f15fe): а кто играть будет XD
[23:34:06] ReG_MPro (uuid: ffbba03a-cf9e-30bf-a53a-cf2f7dfdd5ee): я с друзьями
[23:34:10] ReG_MPro (uuid: ffbba03a-cf9e-30bf-a53a-cf2f7dfdd5ee): я с тобой
[23:34:20] ReG_MPro (uuid: ffbba03a-cf9e-30bf-a53a-cf2f7dfdd5ee): может ты своих позовешь
[23:34:37] jackdog8123 (uuid: 4c7b3a90-aede-3502-bc6d-ad289b1f15fe): они пираты)
[23:36:04] jackdog8123 (uuid: 4c7b3a90-aede-3502-bc6d-ad289b1f15fe): надо тнт отключить
[23:36:13] jackdog8123 (uuid: 4c7b3a90-aede-3502-bc6d-ad289b1f15fe): найдут способ скрафтить, хады
[23:36:26] ReG_MPro (uuid: ffbba03a-cf9e-30bf-a53a-cf2f7dfdd5ee): приват будет
[23:40:51] jackdog8123 (uuid: 4c7b3a90-aede-3502-bc6d-ad289b1f15fe): ек
[23:40:55] jackdog8123 (uuid: 4c7b3a90-aede-3502-bc6d-ad289b1f15fe): ем
[23:41:09] ReG_MPro (uuid: ffbba03a-cf9e-30bf-a53a-cf2f7dfdd5ee): у красных кровать баганулась
[23:41:15] ReG_MPro (uuid: ffbba03a-cf9e-30bf-a53a-cf2f7dfdd5ee): ну ничего страшного
[23:41:19] jackdog8123 (uuid: 4c7b3a90-aede-3502-bc6d-ad289b1f15fe): я на спавне..
[23:42:24] ReG_MPro (uuid: ffbba03a-cf9e-30bf-a53a-cf2f7dfdd5ee): ты как бы типо не в игре
[23:42:32] jackdog8123 (uuid: 4c7b3a90-aede-3502-bc6d-ad289b1f15fe): но я тут
[23:45:17] ReG_MPro (uuid: ffbba03a-cf9e-30bf-a53a-cf2f7dfdd5ee): давай
[23:46:11] ReG_MPro (uuid: ffbba03a-cf9e-30bf-a53a-cf2f7dfdd5ee): жди
[23:47:43] jackdog8123 (uuid: 4c7b3a90-aede-3502-bc6d-ad289b1f15fe): выруби игру
[23:50:05] jackdog8123 (uuid: 4c7b3a90-aede-3502-bc6d-ad289b1f15fe): ff
[23:50:14] ReG_MPro (uuid: ffbba03a-cf9e-30bf-a53a-cf2f7dfdd5ee): черт
[23:50:23] ReG_MPro (uuid: ffbba03a-cf9e-30bf-a53a-cf2f7dfdd5ee): я хз как вырубить игру
[23:51:26] jackdog8123 (uuid: 4c7b3a90-aede-3502-bc6d-ad289b1f15fe): а
[23:51:38] jackdog8123 (uuid: 4c7b3a90-aede-3502-bc6d-ad289b1f15fe): о
[23:51:44] jackdog8123 (uuid: 4c7b3a90-aede-3502-bc6d-ad289b1f15fe): теперь норм
[23:52:01] ReG_MPro (uuid: ffbba03a-cf9e-30bf-a53a-cf2f7dfdd5ee): я еще настрою потом
[23:52:12] ReG_MPro (uuid: ffbba03a-cf9e-30bf-a53a-cf2f7dfdd5ee): например другие вещи
[23:52:22] jackdog8123 (uuid: 4c7b3a90-aede-3502-bc6d-ad289b1f15fe): ок
[23:53:59] jackdog8123 (uuid: 4c7b3a90-aede-3502-bc6d-ad289b1f15fe): я на хайпиксель, наскучило немного
[23:54:16] ReG_MPro (uuid: ffbba03a-cf9e-30bf-a53a-cf2f7dfdd5ee): ок
