[13:10:02] jackdog8123 (uuid: 4c7b3a90-aede-3502-bc6d-ad289b1f15fe): привет
[13:10:07] ReG_MPro (uuid: ffbba03a-cf9e-30bf-a53a-cf2f7dfdd5ee): привет
[13:10:30] jackdog8123 (uuid: 4c7b3a90-aede-3502-bc6d-ad289b1f15fe): слушай, на 1.12 тоже работает
[13:10:33] ReG_MPro (uuid: ffbba03a-cf9e-30bf-a53a-cf2f7dfdd5ee): да
[13:10:58] ReG_MPro (uuid: ffbba03a-cf9e-30bf-a53a-cf2f7dfdd5ee): пиши /bw join ships
[13:11:40] ReG_MPro (uuid: ffbba03a-cf9e-30bf-a53a-cf2f7dfdd5ee): все норм?
[13:12:02] jackdog8123 (uuid: 4c7b3a90-aede-3502-bc6d-ad289b1f15fe): lf
[13:12:05] jackdog8123 (uuid: 4c7b3a90-aede-3502-bc6d-ad289b1f15fe): да
[13:12:21] ReG_MPro (uuid: ffbba03a-cf9e-30bf-a53a-cf2f7dfdd5ee): я потом настрою все
[13:12:30] ReG_MPro (uuid: ffbba03a-cf9e-30bf-a53a-cf2f7dfdd5ee): программирование знаю. Сложным не будет
[13:12:38] jackdog8123 (uuid: 4c7b3a90-aede-3502-bc6d-ad289b1f15fe): кровать надо в другое место, закрыть невозможно
[13:12:50] ReG_MPro (uuid: ffbba03a-cf9e-30bf-a53a-cf2f7dfdd5ee): jr
[13:12:51] ReG_MPro (uuid: ffbba03a-cf9e-30bf-a53a-cf2f7dfdd5ee): ок
[13:15:10] ReG_MPro (uuid: ffbba03a-cf9e-30bf-a53a-cf2f7dfdd5ee): [f[f[
[13:15:24] ReG_MPro (uuid: ffbba03a-cf9e-30bf-a53a-cf2f7dfdd5ee): сложно без ресуррс пака
[13:15:30] jackdog8123 (uuid: 4c7b3a90-aede-3502-bc6d-ad289b1f15fe): ага
[13:15:34] jackdog8123 (uuid: 4c7b3a90-aede-3502-bc6d-ad289b1f15fe): я тоже привык
[13:15:40] jackdog8123 (uuid: 4c7b3a90-aede-3502-bc6d-ad289b1f15fe): и строится сложно
[13:19:23] jackdog8123 (uuid: 4c7b3a90-aede-3502-bc6d-ad289b1f15fe): ыгыгыг
[13:19:28] jackdog8123 (uuid: 4c7b3a90-aede-3502-bc6d-ad289b1f15fe): изумруды кстати не спавнились
[13:19:28] ReG_MPro (uuid: ffbba03a-cf9e-30bf-a53a-cf2f7dfdd5ee): хахаха
[13:19:35] ReG_MPro (uuid: ffbba03a-cf9e-30bf-a53a-cf2f7dfdd5ee): на базе?
[13:19:38] jackdog8123 (uuid: 4c7b3a90-aede-3502-bc6d-ad289b1f15fe): нет
[13:19:42] jackdog8123 (uuid: 4c7b3a90-aede-3502-bc6d-ad289b1f15fe): на центре
[13:19:43] ReG_MPro (uuid: ffbba03a-cf9e-30bf-a53a-cf2f7dfdd5ee): спавнились
[13:19:51] jackdog8123 (uuid: 4c7b3a90-aede-3502-bc6d-ad289b1f15fe): я не видел
[13:19:51] ReG_MPro (uuid: ffbba03a-cf9e-30bf-a53a-cf2f7dfdd5ee): лан
[13:19:55] ReG_MPro (uuid: ffbba03a-cf9e-30bf-a53a-cf2f7dfdd5ee): ща все переделаем
[13:20:26] ReG_MPro (uuid: ffbba03a-cf9e-30bf-a53a-cf2f7dfdd5ee): могу повыше спавн сделать
[13:20:29] jackdog8123 (uuid: 4c7b3a90-aede-3502-bc6d-ad289b1f15fe): может проваливаются
[13:20:37] jackdog8123 (uuid: 4c7b3a90-aede-3502-bc6d-ad289b1f15fe): ага давай
[13:20:38] ReG_MPro (uuid: ffbba03a-cf9e-30bf-a53a-cf2f7dfdd5ee): ну да
[13:21:20] jackdog8123 (uuid: 4c7b3a90-aede-3502-bc6d-ad289b1f15fe): и еще, у меня было 4 алмаза, но мне говорило что недостаточно чтобы прокачать меч
[13:21:21] ReG_MPro (uuid: ffbba03a-cf9e-30bf-a53a-cf2f7dfdd5ee): ща все настрою
[13:21:27] jackdog8123 (uuid: 4c7b3a90-aede-3502-bc6d-ad289b1f15fe): баг какой то
[13:21:32] ReG_MPro (uuid: ffbba03a-cf9e-30bf-a53a-cf2f7dfdd5ee): наверное
[13:24:40] ReG_MPro (uuid: ffbba03a-cf9e-30bf-a53a-cf2f7dfdd5ee): где кровать будет?
[13:24:47] jackdog8123 (uuid: 4c7b3a90-aede-3502-bc6d-ad289b1f15fe): там же
[13:24:49] jackdog8123 (uuid: 4c7b3a90-aede-3502-bc6d-ad289b1f15fe): я уже сделал
[13:24:53] jackdog8123 (uuid: 4c7b3a90-aede-3502-bc6d-ad289b1f15fe): изменил корабли
[13:25:24] jackdog8123 (uuid: 4c7b3a90-aede-3502-bc6d-ad289b1f15fe): я сделал обрыв
[13:28:47] ReG_MPro (uuid: ffbba03a-cf9e-30bf-a53a-cf2f7dfdd5ee): ну что пойдем?
[13:28:53] jackdog8123 (uuid: 4c7b3a90-aede-3502-bc6d-ad289b1f15fe): секундочку
[13:28:58] ReG_MPro (uuid: ffbba03a-cf9e-30bf-a53a-cf2f7dfdd5ee): опять кровати могут забагаться
[13:29:08] ReG_MPro (uuid: ffbba03a-cf9e-30bf-a53a-cf2f7dfdd5ee): если так произойдет то я в 3 раз создам новую игру
[13:32:14] jackdog8123 (uuid: 4c7b3a90-aede-3502-bc6d-ad289b1f15fe): ну, думаю норм
[13:32:17] ReG_MPro (uuid: ffbba03a-cf9e-30bf-a53a-cf2f7dfdd5ee): jr
[13:32:18] ReG_MPro (uuid: ffbba03a-cf9e-30bf-a53a-cf2f7dfdd5ee): ок
[13:32:53] ReG_MPro (uuid: ffbba03a-cf9e-30bf-a53a-cf2f7dfdd5ee): да бл
[13:32:59] jackdog8123 (uuid: 4c7b3a90-aede-3502-bc6d-ad289b1f15fe): аъхахаха
[13:33:00] ReG_MPro (uuid: ffbba03a-cf9e-30bf-a53a-cf2f7dfdd5ee): опять кровати не там
[13:33:03] jackdog8123 (uuid: 4c7b3a90-aede-3502-bc6d-ad289b1f15fe): пусть будут так
[13:33:07] ReG_MPro (uuid: ffbba03a-cf9e-30bf-a53a-cf2f7dfdd5ee): да не
[13:33:14] ReG_MPro (uuid: ffbba03a-cf9e-30bf-a53a-cf2f7dfdd5ee): сыграем и переделаем
[13:36:17] ReG_MPro (uuid: ffbba03a-cf9e-30bf-a53a-cf2f7dfdd5ee): да бл
[13:36:19] jackdog8123 (uuid: 4c7b3a90-aede-3502-bc6d-ad289b1f15fe): хахах
[13:37:22] ReG_MPro (uuid: ffbba03a-cf9e-30bf-a53a-cf2f7dfdd5ee): изумруды бл не спавнятся
[13:37:28] jackdog8123 (uuid: 4c7b3a90-aede-3502-bc6d-ad289b1f15fe): да..
[13:38:41] jackdog8123 (uuid: 4c7b3a90-aede-3502-bc6d-ad289b1f15fe): ыгыгыг
[13:40:37] jackdog8123 (uuid: 4c7b3a90-aede-3502-bc6d-ad289b1f15fe): мечи невозможно прокачать
[13:42:01] ReG_MPro (uuid: ffbba03a-cf9e-30bf-a53a-cf2f7dfdd5ee): неет
[13:42:17] jackdog8123 (uuid: 4c7b3a90-aede-3502-bc6d-ad289b1f15fe): ыы
[13:42:34] jackdog8123 (uuid: 4c7b3a90-aede-3502-bc6d-ad289b1f15fe): давай пока что просто выживание сделаем, проще всего как по мне
[13:42:47] jackdog8123 (uuid: 4c7b3a90-aede-3502-bc6d-ad289b1f15fe): давай пока что просто выживание сделаем, проще всего как по мне
[13:43:08] ReG_MPro (uuid: ffbba03a-cf9e-30bf-a53a-cf2f7dfdd5ee): надо это как то убрать
[13:43:17] jackdog8123 (uuid: 4c7b3a90-aede-3502-bc6d-ad289b1f15fe): я хз как
[13:43:51] ReG_MPro (uuid: ffbba03a-cf9e-30bf-a53a-cf2f7dfdd5ee): это вроде армор стэнды
[13:43:59] jackdog8123 (uuid: 4c7b3a90-aede-3502-bc6d-ad289b1f15fe): да
[13:44:08] ReG_MPro (uuid: ffbba03a-cf9e-30bf-a53a-cf2f7dfdd5ee): только как их убрать
[13:44:27] jackdog8123 (uuid: 4c7b3a90-aede-3502-bc6d-ad289b1f15fe): попробуй через команду mobkill
[13:44:35] jackdog8123 (uuid: 4c7b3a90-aede-3502-bc6d-ad289b1f15fe): это же тоже моб типа
[13:44:42] ReG_MPro (uuid: ffbba03a-cf9e-30bf-a53a-cf2f7dfdd5ee): не
[13:44:46] ReG_MPro (uuid: ffbba03a-cf9e-30bf-a53a-cf2f7dfdd5ee): это энтити
[13:45:11] ReG_MPro (uuid: ffbba03a-cf9e-30bf-a53a-cf2f7dfdd5ee): хмм а если просто создать копию этого мира?
[13:45:23] jackdog8123 (uuid: 4c7b3a90-aede-3502-bc6d-ad289b1f15fe): попробуй
[13:46:03] ReG_MPro (uuid: ffbba03a-cf9e-30bf-a53a-cf2f7dfdd5ee): фэилед
[13:46:23] jackdog8123 (uuid: 4c7b3a90-aede-3502-bc6d-ad289b1f15fe): может потому что я строю
[13:46:29] jackdog8123 (uuid: 4c7b3a90-aede-3502-bc6d-ad289b1f15fe): вот, я не буду строить
[13:46:35] ReG_MPro (uuid: ffbba03a-cf9e-30bf-a53a-cf2f7dfdd5ee): та хз
[13:47:05] ReG_MPro (uuid: ffbba03a-cf9e-30bf-a53a-cf2f7dfdd5ee): крч пофиг
[13:47:17] jackdog8123 (uuid: 4c7b3a90-aede-3502-bc6d-ad289b1f15fe): давай пока что просто выживание сделаем, проще всего как по мне
[13:47:29] ReG_MPro (uuid: ffbba03a-cf9e-30bf-a53a-cf2f7dfdd5ee): да я не хочу просто выживание
[13:47:44] ReG_MPro (uuid: ffbba03a-cf9e-30bf-a53a-cf2f7dfdd5ee): если хочешь могу дать тебе мир
[13:47:51] jackdog8123 (uuid: 4c7b3a90-aede-3502-bc6d-ad289b1f15fe): для галочки нужно) можно со спавном, всякими плюшками
[13:47:56] jackdog8123 (uuid: 4c7b3a90-aede-3502-bc6d-ad289b1f15fe): давай
[13:48:03] ReG_MPro (uuid: ffbba03a-cf9e-30bf-a53a-cf2f7dfdd5ee): ./goto world
[14:09:19] ReG_MPro (uuid: ffbba03a-cf9e-30bf-a53a-cf2f7dfdd5ee): где?
[15:40:16] jackdog8123 (uuid: 4c7b3a90-aede-3502-bc6d-ad289b1f15fe): шо строим
[15:40:33] ReG_MPro (uuid: ffbba03a-cf9e-30bf-a53a-cf2f7dfdd5ee): типа монстррррррр
[15:40:37] jackdog8123 (uuid: 4c7b3a90-aede-3502-bc6d-ad289b1f15fe): класс
[15:40:43] jackdog8123 (uuid: 4c7b3a90-aede-3502-bc6d-ad289b1f15fe): го не монстр а смайлик
[15:40:50] jackdog8123 (uuid: 4c7b3a90-aede-3502-bc6d-ad289b1f15fe): смайлик монстра
[15:40:57] ReG_MPro (uuid: ffbba03a-cf9e-30bf-a53a-cf2f7dfdd5ee): блин где ты берешь ники для голов?
[15:40:58] ReG_MPro (uuid: ffbba03a-cf9e-30bf-a53a-cf2f7dfdd5ee): не
[15:41:03] jackdog8123 (uuid: 4c7b3a90-aede-3502-bc6d-ad289b1f15fe): нигде!
[15:41:15] ReG_MPro (uuid: ffbba03a-cf9e-30bf-a53a-cf2f7dfdd5ee): а на прошлой карте
[15:41:18] ReG_MPro (uuid: ffbba03a-cf9e-30bf-a53a-cf2f7dfdd5ee): сундук
[15:41:37] jackdog8123 (uuid: 4c7b3a90-aede-3502-bc6d-ad289b1f15fe): я гуляю по серверам, на пиратском одном задонатил, купил креатив, там скорешился, "купил" головы и сохранил
[15:41:45] jackdog8123 (uuid: 4c7b3a90-aede-3502-bc6d-ad289b1f15fe): сохраненные инструменты
[15:42:05] ReG_MPro (uuid: ffbba03a-cf9e-30bf-a53a-cf2f7dfdd5ee): лол их покупать можно?
[15:42:15] jackdog8123 (uuid: 4c7b3a90-aede-3502-bc6d-ad289b1f15fe): за игровую валюту))
[15:42:50] jackdog8123 (uuid: 4c7b3a90-aede-3502-bc6d-ad289b1f15fe): это яблоко, но у меня квадрат
[15:43:01] jackdog8123 (uuid: 4c7b3a90-aede-3502-bc6d-ad289b1f15fe): у меня есть еще броня и оружие на 101231283712903612863 лвл
[15:43:20] jackdog8123 (uuid: 4c7b3a90-aede-3502-bc6d-ad289b1f15fe): ии, самое главное, смотри что есть
[15:43:35] ReG_MPro (uuid: ffbba03a-cf9e-30bf-a53a-cf2f7dfdd5ee): ъаъаъа
[15:44:03] jackdog8123 (uuid: 4c7b3a90-aede-3502-bc6d-ad289b1f15fe): на серверах эта бронь не работает, но может тут будет
[15:44:06] jackdog8123 (uuid: 4c7b3a90-aede-3502-bc6d-ad289b1f15fe): попробуй меня ударить
[15:44:23] jackdog8123 (uuid: 4c7b3a90-aede-3502-bc6d-ad289b1f15fe): нее не робит
[15:45:12] ReG_MPro (uuid: ffbba03a-cf9e-30bf-a53a-cf2f7dfdd5ee): я хочу по типу циклопа
[15:45:17] jackdog8123 (uuid: 4c7b3a90-aede-3502-bc6d-ad289b1f15fe): нет проблем
[15:45:44] ReG_MPro (uuid: ffbba03a-cf9e-30bf-a53a-cf2f7dfdd5ee): может лучше все из красного?
[15:45:53] jackdog8123 (uuid: 4c7b3a90-aede-3502-bc6d-ad289b1f15fe): команды то разные..
[15:45:58] jackdog8123 (uuid: 4c7b3a90-aede-3502-bc6d-ad289b1f15fe): у кого то такой, у кого то красный
[15:48:11] jackdog8123 (uuid: 4c7b3a90-aede-3502-bc6d-ad289b1f15fe): хахаха
[15:49:23] jackdog8123 (uuid: 4c7b3a90-aede-3502-bc6d-ad289b1f15fe): эйэйэйэй
[15:49:31] jackdog8123 (uuid: 4c7b3a90-aede-3502-bc6d-ad289b1f15fe): ладно
[15:50:27] jackdog8123 (uuid: 4c7b3a90-aede-3502-bc6d-ad289b1f15fe): а го он тип за тортиком тянется, а тортик это спавнер алмазов, а центр- большой тортик
[15:50:43] ReG_MPro (uuid: ffbba03a-cf9e-30bf-a53a-cf2f7dfdd5ee): а давай
[15:50:54] ReG_MPro (uuid: ffbba03a-cf9e-30bf-a53a-cf2f7dfdd5ee): я хочу спавнер сделать типо нёбо
[15:54:20] jackdog8123 (uuid: 4c7b3a90-aede-3502-bc6d-ad289b1f15fe): а добавь в шоп алмазный меч острота 3 за 10 изумрудов
[15:54:26] ReG_MPro (uuid: ffbba03a-cf9e-30bf-a53a-cf2f7dfdd5ee): ок
[15:55:32] ReG_MPro (uuid: ffbba03a-cf9e-30bf-a53a-cf2f7dfdd5ee): не
[15:55:35] ReG_MPro (uuid: ffbba03a-cf9e-30bf-a53a-cf2f7dfdd5ee): по бокам
[15:55:45] ReG_MPro (uuid: ffbba03a-cf9e-30bf-a53a-cf2f7dfdd5ee): хотя лан
[15:55:53] jackdog8123 (uuid: 4c7b3a90-aede-3502-bc6d-ad289b1f15fe): ну, не
[15:56:07] jackdog8123 (uuid: 4c7b3a90-aede-3502-bc6d-ad289b1f15fe): я хочу вот так
[15:56:40] jackdog8123 (uuid: 4c7b3a90-aede-3502-bc6d-ad289b1f15fe): найду в интернете как торт сделать
[15:58:42] jackdog8123 (uuid: 4c7b3a90-aede-3502-bc6d-ad289b1f15fe): а чо бетон не ставится
[15:58:48] ReG_MPro (uuid: ffbba03a-cf9e-30bf-a53a-cf2f7dfdd5ee): хз
[16:00:53] ReG_MPro (uuid: ffbba03a-cf9e-30bf-a53a-cf2f7dfdd5ee): хахахц
[16:00:56] ReG_MPro (uuid: ffbba03a-cf9e-30bf-a53a-cf2f7dfdd5ee): смотри
[16:01:01] jackdog8123 (uuid: 4c7b3a90-aede-3502-bc6d-ad289b1f15fe): ахахаха
[16:01:12] jackdog8123 (uuid: 4c7b3a90-aede-3502-bc6d-ad289b1f15fe): ХАХАХА
[16:01:23] ReG_MPro (uuid: ffbba03a-cf9e-30bf-a53a-cf2f7dfdd5ee): хахах
[16:01:28] jackdog8123 (uuid: 4c7b3a90-aede-3502-bc6d-ad289b1f15fe): ууу
[16:02:17] jackdog8123 (uuid: 4c7b3a90-aede-3502-bc6d-ad289b1f15fe): космонавт
[16:02:39] jackdog8123 (uuid: 4c7b3a90-aede-3502-bc6d-ad289b1f15fe): ну кароче делай спавнер алмазов
[16:08:49] ReG_MPro (uuid: ffbba03a-cf9e-30bf-a53a-cf2f7dfdd5ee): давай я скачаю плагин на любые головы в майнкрафте?
[16:09:09] jackdog8123 (uuid: 4c7b3a90-aede-3502-bc6d-ad289b1f15fe): давай но позже
[16:09:54] jackdog8123 (uuid: 4c7b3a90-aede-3502-bc6d-ad289b1f15fe): хахахха
[16:11:23] jackdog8123 (uuid: 4c7b3a90-aede-3502-bc6d-ad289b1f15fe): ну, готово так то
[16:11:38] ReG_MPro (uuid: ffbba03a-cf9e-30bf-a53a-cf2f7dfdd5ee): я головы сюда добавлю
[16:11:42] jackdog8123 (uuid: 4c7b3a90-aede-3502-bc6d-ad289b1f15fe): а ок
[16:11:52] jackdog8123 (uuid: 4c7b3a90-aede-3502-bc6d-ad289b1f15fe): а центр- облако, проблемки вышли
[16:11:53] ReG_MPro (uuid: ffbba03a-cf9e-30bf-a53a-cf2f7dfdd5ee): все
[16:11:58] ReG_MPro (uuid: ffbba03a-cf9e-30bf-a53a-cf2f7dfdd5ee): сохраняю п
[16:12:01] ReG_MPro (uuid: ffbba03a-cf9e-30bf-a53a-cf2f7dfdd5ee): перезапускаю
[16:16:52] jackdog8123 (uuid: 4c7b3a90-aede-3502-bc6d-ad289b1f15fe): какая команда?
[16:16:58] ReG_MPro (uuid: ffbba03a-cf9e-30bf-a53a-cf2f7dfdd5ee): ./craftheads
[16:17:06] ReG_MPro (uuid: ffbba03a-cf9e-30bf-a53a-cf2f7dfdd5ee): я назначу на какой нибудь блок
[16:18:45] jackdog8123 (uuid: 4c7b3a90-aede-3502-bc6d-ad289b1f15fe): ahahaha
[16:18:55] ReG_MPro (uuid: ffbba03a-cf9e-30bf-a53a-cf2f7dfdd5ee): нееееееееееееееееееееееееееет
[16:19:33] ReG_MPro (uuid: ffbba03a-cf9e-30bf-a53a-cf2f7dfdd5ee): давай без рук
[16:19:38] ReG_MPro (uuid: ffbba03a-cf9e-30bf-a53a-cf2f7dfdd5ee): давай без рук
[16:20:41] jackdog8123 (uuid: 4c7b3a90-aede-3502-bc6d-ad289b1f15fe): погодиии
[16:21:04] jackdog8123 (uuid: 4c7b3a90-aede-3502-bc6d-ad289b1f15fe): прикольно же
[16:21:14] ReG_MPro (uuid: ffbba03a-cf9e-30bf-a53a-cf2f7dfdd5ee): я хотел ноги назад
[16:22:31] jackdog8123 (uuid: 4c7b3a90-aede-3502-bc6d-ad289b1f15fe): хахахаха
[16:22:34] ReG_MPro (uuid: ffbba03a-cf9e-30bf-a53a-cf2f7dfdd5ee): хахах
[16:23:45] jackdog8123 (uuid: 4c7b3a90-aede-3502-bc6d-ad289b1f15fe): родинка
[16:23:53] ReG_MPro (uuid: ffbba03a-cf9e-30bf-a53a-cf2f7dfdd5ee): хахах
[16:25:25] ReG_MPro (uuid: ffbba03a-cf9e-30bf-a53a-cf2f7dfdd5ee): хахах
[16:25:31] ReG_MPro (uuid: ffbba03a-cf9e-30bf-a53a-cf2f7dfdd5ee): он как будто язык обжог
[16:25:58] ReG_MPro (uuid: ffbba03a-cf9e-30bf-a53a-cf2f7dfdd5ee): хахахах
[16:25:59] jackdog8123 (uuid: 4c7b3a90-aede-3502-bc6d-ad289b1f15fe): ахахахах
[16:26:31] jackdog8123 (uuid: 4c7b3a90-aede-3502-bc6d-ad289b1f15fe): ыы
[16:27:00] jackdog8123 (uuid: 4c7b3a90-aede-3502-bc6d-ad289b1f15fe): нус, копируй
[16:27:05] ReG_MPro (uuid: ffbba03a-cf9e-30bf-a53a-cf2f7dfdd5ee): не
[16:27:10] ReG_MPro (uuid: ffbba03a-cf9e-30bf-a53a-cf2f7dfdd5ee): сначала нужно центр
[16:27:14] jackdog8123 (uuid: 4c7b3a90-aede-3502-bc6d-ad289b1f15fe): так вот
[16:27:20] ReG_MPro (uuid: ffbba03a-cf9e-30bf-a53a-cf2f7dfdd5ee): ну такое
[16:27:56] jackdog8123 (uuid: 4c7b3a90-aede-3502-bc6d-ad289b1f15fe): в ручную чтоли?
[16:28:02] ReG_MPro (uuid: ffbba03a-cf9e-30bf-a53a-cf2f7dfdd5ee): давай центр тип печенька?
[16:28:10] jackdog8123 (uuid: 4c7b3a90-aede-3502-bc6d-ad289b1f15fe): давай
[16:30:04] jackdog8123 (uuid: 4c7b3a90-aede-3502-bc6d-ad289b1f15fe): ненен не так
[16:33:17] ReG_MPro (uuid: ffbba03a-cf9e-30bf-a53a-cf2f7dfdd5ee): есть идея
[16:33:18] ReG_MPro (uuid: ffbba03a-cf9e-30bf-a53a-cf2f7dfdd5ee): есть идея
[16:33:19] ReG_MPro (uuid: ffbba03a-cf9e-30bf-a53a-cf2f7dfdd5ee): есть идея
[16:33:19] ReG_MPro (uuid: ffbba03a-cf9e-30bf-a53a-cf2f7dfdd5ee): есть идея
[16:33:20] jackdog8123 (uuid: 4c7b3a90-aede-3502-bc6d-ad289b1f15fe): ааа
[16:33:39] jackdog8123 (uuid: 4c7b3a90-aede-3502-bc6d-ad289b1f15fe): норм как по мне
[16:33:49] ReG_MPro (uuid: ffbba03a-cf9e-30bf-a53a-cf2f7dfdd5ee): сделать жителей типо скин их поменять на людей которые ему тип в рот попали
[16:33:58] jackdog8123 (uuid: 4c7b3a90-aede-3502-bc6d-ad289b1f15fe): скелетов
[16:34:01] ReG_MPro (uuid: ffbba03a-cf9e-30bf-a53a-cf2f7dfdd5ee): да
[16:35:47] ReG_MPro (uuid: ffbba03a-cf9e-30bf-a53a-cf2f7dfdd5ee): вот такой скин пойдет?
[16:36:27] ReG_MPro (uuid: ffbba03a-cf9e-30bf-a53a-cf2f7dfdd5ee): Смотри
[16:36:50] jackdog8123 (uuid: 4c7b3a90-aede-3502-bc6d-ad289b1f15fe): ставь уже, и я закрою
[16:36:53] ReG_MPro (uuid: ffbba03a-cf9e-30bf-a53a-cf2f7dfdd5ee): я пойду скопирую отсрова с алмезами
[16:37:08] ReG_MPro (uuid: ffbba03a-cf9e-30bf-a53a-cf2f7dfdd5ee): они поставяться только в начале игры
[16:37:20] jackdog8123 (uuid: 4c7b3a90-aede-3502-bc6d-ad289b1f15fe): места то назначил?
[16:37:31] ReG_MPro (uuid: ffbba03a-cf9e-30bf-a53a-cf2f7dfdd5ee): пока нельзя
[16:38:12] jackdog8123 (uuid: 4c7b3a90-aede-3502-bc6d-ad289b1f15fe): F
[16:38:21] jackdog8123 (uuid: 4c7b3a90-aede-3502-bc6d-ad289b1f15fe): F!
[16:39:21] ReG_MPro (uuid: ffbba03a-cf9e-30bf-a53a-cf2f7dfdd5ee): надо будет печеньку подровнять
[16:39:27] ReG_MPro (uuid: ffbba03a-cf9e-30bf-a53a-cf2f7dfdd5ee): и что то еще добавить на нее
[16:39:59] jackdog8123 (uuid: 4c7b3a90-aede-3502-bc6d-ad289b1f15fe): да пофиг, примерно везде одинакого
[16:40:42] jackdog8123 (uuid: 4c7b3a90-aede-3502-bc6d-ad289b1f15fe): ты пока что делай, я пойду на хайпикселе поиграю
[18:30:10] Pomidorka5657 (uuid: 7eeb0220-4dc3-3321-b4c8-87051b6f286d): я не могуXD
[18:31:15] ReG_MPro (uuid: ffbba03a-cf9e-30bf-a53a-cf2f7dfdd5ee): хех
[18:31:21] Pomidorka5657 (uuid: 7eeb0220-4dc3-3321-b4c8-87051b6f286d): ты это построил?
[18:31:26] ReG_MPro (uuid: ffbba03a-cf9e-30bf-a53a-cf2f7dfdd5ee): с моим другом
[18:32:00] Pomidorka5657 (uuid: 7eeb0220-4dc3-3321-b4c8-87051b6f286d): а где кровать будет стоять
[18:32:08] ReG_MPro (uuid: ffbba03a-cf9e-30bf-a53a-cf2f7dfdd5ee): пойдем покажу на зеленом
[18:32:38] ReG_MPro (uuid: ffbba03a-cf9e-30bf-a53a-cf2f7dfdd5ee): нужно доделать центр
[18:32:47] ReG_MPro (uuid: ffbba03a-cf9e-30bf-a53a-cf2f7dfdd5ee): или переделать
[18:33:03] Pomidorka5657 (uuid: 7eeb0220-4dc3-3321-b4c8-87051b6f286d): думую переделать
[18:33:10] ReG_MPro (uuid: ffbba03a-cf9e-30bf-a53a-cf2f7dfdd5ee): ок
[18:33:12] ReG_MPro (uuid: ffbba03a-cf9e-30bf-a53a-cf2f7dfdd5ee): на что?
[18:33:27] Pomidorka5657 (uuid: 7eeb0220-4dc3-3321-b4c8-87051b6f286d): просто нужно примерно 3 спавна изумрудов
[18:34:03] ReG_MPro (uuid: ffbba03a-cf9e-30bf-a53a-cf2f7dfdd5ee): хочешь сыграть на другой карте?
[18:34:19] Pomidorka5657 (uuid: 7eeb0220-4dc3-3321-b4c8-87051b6f286d): ну го
[18:34:32] Pomidorka5657 (uuid: 7eeb0220-4dc3-3321-b4c8-87051b6f286d): только я не умею строиться быстро
[18:34:40] Pomidorka5657 (uuid: 7eeb0220-4dc3-3321-b4c8-87051b6f286d): го
[18:34:43] ReG_MPro (uuid: ffbba03a-cf9e-30bf-a53a-cf2f7dfdd5ee): та пофиг
[18:34:54] ReG_MPro (uuid: ffbba03a-cf9e-30bf-a53a-cf2f7dfdd5ee): пиши эту команду
[18:34:57] Pomidorka5657 (uuid: 7eeb0220-4dc3-3321-b4c8-87051b6f286d): ок
[18:35:49] ReG_MPro (uuid: ffbba03a-cf9e-30bf-a53a-cf2f7dfdd5ee): как тебе карта?
[18:39:27] Pomidorka5657 (uuid: 7eeb0220-4dc3-3321-b4c8-87051b6f286d): ''
[18:39:33] Pomidorka5657 (uuid: 7eeb0220-4dc3-3321-b4c8-87051b6f286d): ээ\
[18:39:41] Pomidorka5657 (uuid: 7eeb0220-4dc3-3321-b4c8-87051b6f286d): тут приват
[18:39:47] Pomidorka5657 (uuid: 7eeb0220-4dc3-3321-b4c8-87051b6f286d): тут приват
[18:40:22] Pomidorka5657 (uuid: 7eeb0220-4dc3-3321-b4c8-87051b6f286d): помоги
[18:40:48] Pomidorka5657 (uuid: 7eeb0220-4dc3-3321-b4c8-87051b6f286d): ТУТ
[18:40:51] Pomidorka5657 (uuid: 7eeb0220-4dc3-3321-b4c8-87051b6f286d): ПРИВАТ
[18:40:58] ReG_MPro (uuid: ffbba03a-cf9e-30bf-a53a-cf2f7dfdd5ee): здесь нельзя блоки ломать
[18:41:02] ReG_MPro (uuid: ffbba03a-cf9e-30bf-a53a-cf2f7dfdd5ee): но можно ставит
[18:41:04] ReG_MPro (uuid: ffbba03a-cf9e-30bf-a53a-cf2f7dfdd5ee): ало
[18:41:08] Pomidorka5657 (uuid: 7eeb0220-4dc3-3321-b4c8-87051b6f286d): Я НЕ МОГУ СТАВИТЬ
[18:41:46] ReG_MPro (uuid: ffbba03a-cf9e-30bf-a53a-cf2f7dfdd5ee): Я ИДИОТ!!!XD
[18:41:49] Pomidorka5657 (uuid: 7eeb0220-4dc3-3321-b4c8-87051b6f286d): я
[18:42:07] Pomidorka5657 (uuid: 7eeb0220-4dc3-3321-b4c8-87051b6f286d): эээээээээээээээ
[18:42:13] ReG_MPro (uuid: ffbba03a-cf9e-30bf-a53a-cf2f7dfdd5ee): yttt
[18:42:24] Pomidorka5657 (uuid: 7eeb0220-4dc3-3321-b4c8-87051b6f286d): у меня 4 изумруда было
[18:42:33] ReG_MPro (uuid: ffbba03a-cf9e-30bf-a53a-cf2f7dfdd5ee): у меня тоже
[18:44:34] Pomidorka5657 (uuid: 7eeb0220-4dc3-3321-b4c8-87051b6f286d): я идиот
[18:46:40] Pomidorka5657 (uuid: 7eeb0220-4dc3-3321-b4c8-87051b6f286d): ы
[18:47:05] Pomidorka5657 (uuid: 7eeb0220-4dc3-3321-b4c8-87051b6f286d): у меня железо не спавниться
[18:47:13] ReG_MPro (uuid: ffbba03a-cf9e-30bf-a53a-cf2f7dfdd5ee): бл
[18:47:16] ReG_MPro (uuid: ffbba03a-cf9e-30bf-a53a-cf2f7dfdd5ee): опять лаги
[18:47:27] ReG_MPro (uuid: ffbba03a-cf9e-30bf-a53a-cf2f7dfdd5ee): блиин
[18:47:30] ReG_MPro (uuid: ffbba03a-cf9e-30bf-a53a-cf2f7dfdd5ee): изумруды тожее
[18:47:30] Pomidorka5657 (uuid: 7eeb0220-4dc3-3321-b4c8-87051b6f286d): и золото
[18:48:07] Pomidorka5657 (uuid: 7eeb0220-4dc3-3321-b4c8-87051b6f286d): я не могу ломать твои блоки
[18:48:47] Pomidorka5657 (uuid: 7eeb0220-4dc3-3321-b4c8-87051b6f286d): оу
[18:48:53] ReG_MPro (uuid: ffbba03a-cf9e-30bf-a53a-cf2f7dfdd5ee): неееееееееет
[18:49:31] Pomidorka5657 (uuid: 7eeb0220-4dc3-3321-b4c8-87051b6f286d): ок
[18:49:44] Pomidorka5657 (uuid: 7eeb0220-4dc3-3321-b4c8-87051b6f286d): там куча багов
[18:49:44] ReG_MPro (uuid: ffbba03a-cf9e-30bf-a53a-cf2f7dfdd5ee): ну что го строить?
[18:49:50] ReG_MPro (uuid: ffbba03a-cf9e-30bf-a53a-cf2f7dfdd5ee): блиин
[18:50:06] Pomidorka5657 (uuid: 7eeb0220-4dc3-3321-b4c8-87051b6f286d): го
[18:50:08] ReG_MPro (uuid: ffbba03a-cf9e-30bf-a53a-cf2f7dfdd5ee): может это потому что я со своего компа запускаю
[18:50:10] ReG_MPro (uuid: ffbba03a-cf9e-30bf-a53a-cf2f7dfdd5ee): да наверное
[18:50:27] ReG_MPro (uuid: ffbba03a-cf9e-30bf-a53a-cf2f7dfdd5ee): я вот себе хостинг найду и норм будет
[18:51:03] ReG_MPro (uuid: ffbba03a-cf9e-30bf-a53a-cf2f7dfdd5ee): здесь бедварс абсолютно такой же как на хайпикселе
[18:51:13] ReG_MPro (uuid: ffbba03a-cf9e-30bf-a53a-cf2f7dfdd5ee): только нет багов)
[18:51:22] Pomidorka5657 (uuid: 7eeb0220-4dc3-3321-b4c8-87051b6f286d): эй
[18:51:27] ReG_MPro (uuid: ffbba03a-cf9e-30bf-a53a-cf2f7dfdd5ee): что?
[18:51:32] Pomidorka5657 (uuid: 7eeb0220-4dc3-3321-b4c8-87051b6f286d): я тут
[18:51:53] Pomidorka5657 (uuid: 7eeb0220-4dc3-3321-b4c8-87051b6f286d): ахахахаха
[18:53:37] ReG_MPro (uuid: ffbba03a-cf9e-30bf-a53a-cf2f7dfdd5ee): не нада
[18:53:40] Pomidorka5657 (uuid: 7eeb0220-4dc3-3321-b4c8-87051b6f286d): ок
[18:53:44] ReG_MPro (uuid: ffbba03a-cf9e-30bf-a53a-cf2f7dfdd5ee): го центр строить
[18:53:48] ReG_MPro (uuid: ffbba03a-cf9e-30bf-a53a-cf2f7dfdd5ee): что будет на центре?
[18:53:54] ReG_MPro (uuid: ffbba03a-cf9e-30bf-a53a-cf2f7dfdd5ee): как думаешь
[18:54:02] Pomidorka5657 (uuid: 7eeb0220-4dc3-3321-b4c8-87051b6f286d): хмммммммммммммм
[18:54:23] Pomidorka5657 (uuid: 7eeb0220-4dc3-3321-b4c8-87051b6f286d): может торррррррртик?
[18:54:33] ReG_MPro (uuid: ffbba03a-cf9e-30bf-a53a-cf2f7dfdd5ee): ну давай
[18:54:36] Pomidorka5657 (uuid: 7eeb0220-4dc3-3321-b4c8-87051b6f286d): или
[18:54:39] ReG_MPro (uuid: ffbba03a-cf9e-30bf-a53a-cf2f7dfdd5ee): или?
[18:54:41] Pomidorka5657 (uuid: 7eeb0220-4dc3-3321-b4c8-87051b6f286d): или
[18:55:13] Pomidorka5657 (uuid: 7eeb0220-4dc3-3321-b4c8-87051b6f286d): мне ничего не пришло в голову кроме тортика
[18:55:17] ReG_MPro (uuid: ffbba03a-cf9e-30bf-a53a-cf2f7dfdd5ee): хахахах
[18:55:36] Pomidorka5657 (uuid: 7eeb0220-4dc3-3321-b4c8-87051b6f286d): какие блоки брать?
[18:55:55] ReG_MPro (uuid: ffbba03a-cf9e-30bf-a53a-cf2f7dfdd5ee): колесико мыши
[18:56:06] Pomidorka5657 (uuid: 7eeb0220-4dc3-3321-b4c8-87051b6f286d): и
[18:56:12] ReG_MPro (uuid: ffbba03a-cf9e-30bf-a53a-cf2f7dfdd5ee): на колесика нажимай
[18:56:13] Pomidorka5657 (uuid: 7eeb0220-4dc3-3321-b4c8-87051b6f286d): а
[18:56:16] ReG_MPro (uuid: ffbba03a-cf9e-30bf-a53a-cf2f7dfdd5ee): и смотри на блок
[18:56:30] ReG_MPro (uuid: ffbba03a-cf9e-30bf-a53a-cf2f7dfdd5ee): не давай не ТОРРТИК
[18:57:22] ReG_MPro (uuid: ffbba03a-cf9e-30bf-a53a-cf2f7dfdd5ee): нажми по ней ЛКМ
[18:57:29] ReG_MPro (uuid: ffbba03a-cf9e-30bf-a53a-cf2f7dfdd5ee): ааа
[18:57:34] ReG_MPro (uuid: ffbba03a-cf9e-30bf-a53a-cf2f7dfdd5ee): смотри
[18:57:47] ReG_MPro (uuid: ffbba03a-cf9e-30bf-a53a-cf2f7dfdd5ee): пиши /craftheads
[19:01:03] ReG_MPro (uuid: ffbba03a-cf9e-30bf-a53a-cf2f7dfdd5ee): а давай пиццу?
[19:01:08] Pomidorka5657 (uuid: 7eeb0220-4dc3-3321-b4c8-87051b6f286d): го
[19:01:35] ReG_MPro (uuid: ffbba03a-cf9e-30bf-a53a-cf2f7dfdd5ee): ххаха
[19:01:43] ReG_MPro (uuid: ffbba03a-cf9e-30bf-a53a-cf2f7dfdd5ee): по суши?
[19:02:38] ReG_MPro (uuid: ffbba03a-cf9e-30bf-a53a-cf2f7dfdd5ee): 21
[19:03:39] ReG_MPro (uuid: ffbba03a-cf9e-30bf-a53a-cf2f7dfdd5ee): 21&
[19:03:43] ReG_MPro (uuid: ffbba03a-cf9e-30bf-a53a-cf2f7dfdd5ee): 21?
[19:03:49] Pomidorka5657 (uuid: 7eeb0220-4dc3-3321-b4c8-87051b6f286d): ок
[19:04:00] ReG_MPro (uuid: ffbba03a-cf9e-30bf-a53a-cf2f7dfdd5ee): стоой
[19:04:06] ReG_MPro (uuid: ffbba03a-cf9e-30bf-a53a-cf2f7dfdd5ee): ничего не делай
[19:04:06] ReG_MPro (uuid: ffbba03a-cf9e-30bf-a53a-cf2f7dfdd5ee): ничего не делай
[19:04:07] ReG_MPro (uuid: ffbba03a-cf9e-30bf-a53a-cf2f7dfdd5ee): ничего не делай
[19:04:07] ReG_MPro (uuid: ffbba03a-cf9e-30bf-a53a-cf2f7dfdd5ee): ничего не делайе
[19:04:09] ReG_MPro (uuid: ffbba03a-cf9e-30bf-a53a-cf2f7dfdd5ee): ничего не делайе
[19:04:10] ReG_MPro (uuid: ffbba03a-cf9e-30bf-a53a-cf2f7dfdd5ee): ничего не делайее
[19:04:33] Pomidorka5657 (uuid: 7eeb0220-4dc3-3321-b4c8-87051b6f286d): ок
[19:05:36] jackdog8123 (uuid: 4c7b3a90-aede-3502-bc6d-ad289b1f15fe): привет
[19:05:37] ReG_MPro (uuid: ffbba03a-cf9e-30bf-a53a-cf2f7dfdd5ee): привет
[19:05:52] jackdog8123 (uuid: 4c7b3a90-aede-3502-bc6d-ad289b1f15fe): что с центром?
[19:05:52] Pomidorka5657 (uuid: 7eeb0220-4dc3-3321-b4c8-87051b6f286d): привет
[19:05:59] ReG_MPro (uuid: ffbba03a-cf9e-30bf-a53a-cf2f7dfdd5ee): я его переделывал)
[19:06:06] jackdog8123 (uuid: 4c7b3a90-aede-3502-bc6d-ad289b1f15fe): красиво xd
[19:06:09] ReG_MPro (uuid: ffbba03a-cf9e-30bf-a53a-cf2f7dfdd5ee): я хочу сейчас пиццу сделать
[19:06:10] ReG_MPro (uuid: ffbba03a-cf9e-30bf-a53a-cf2f7dfdd5ee): XD
[19:06:44] ReG_MPro (uuid: ffbba03a-cf9e-30bf-a53a-cf2f7dfdd5ee): го поедим?
[19:06:56] jackdog8123 (uuid: 4c7b3a90-aede-3502-bc6d-ad289b1f15fe): я кстати пиццу ем
[19:07:27] ReG_MPro (uuid: ffbba03a-cf9e-30bf-a53a-cf2f7dfdd5ee): ну так срисовывай xd
[19:07:58] jackdog8123 (uuid: 4c7b3a90-aede-3502-bc6d-ad289b1f15fe): тут нужно расчитать
[19:08:06] jackdog8123 (uuid: 4c7b3a90-aede-3502-bc6d-ad289b1f15fe): да погоди
[19:09:31] jackdog8123 (uuid: 4c7b3a90-aede-3502-bc6d-ad289b1f15fe): стоп
[19:10:18] jackdog8123 (uuid: 4c7b3a90-aede-3502-bc6d-ad289b1f15fe): чёт не так
[19:10:27] jackdog8123 (uuid: 4c7b3a90-aede-3502-bc6d-ad289b1f15fe): ну, кривая так кривая
[19:11:01] Pomidorka5657 (uuid: 7eeb0220-4dc3-3321-b4c8-87051b6f286d): полностью?
[19:11:08] jackdog8123 (uuid: 4c7b3a90-aede-3502-bc6d-ad289b1f15fe): да
[19:12:00] jackdog8123 (uuid: 4c7b3a90-aede-3502-bc6d-ad289b1f15fe): печенька была лучше))
[19:12:21] jackdog8123 (uuid: 4c7b3a90-aede-3502-bc6d-ad289b1f15fe): этачо
[19:12:52] jackdog8123 (uuid: 4c7b3a90-aede-3502-bc6d-ad289b1f15fe): пусть так будет
[19:12:53] ReG_MPro (uuid: ffbba03a-cf9e-30bf-a53a-cf2f7dfdd5ee): чтоб симметричнее была
[19:13:58] jackdog8123 (uuid: 4c7b3a90-aede-3502-bc6d-ad289b1f15fe): ну, пофиг уже xd
[19:14:06] ReG_MPro (uuid: ffbba03a-cf9e-30bf-a53a-cf2f7dfdd5ee): ок
[19:14:37] ReG_MPro (uuid: ffbba03a-cf9e-30bf-a53a-cf2f7dfdd5ee): нужен хостинг
[19:15:20] ReG_MPro (uuid: ffbba03a-cf9e-30bf-a53a-cf2f7dfdd5ee): тоже хотел подобное сделать
[19:16:29] jackdog8123 (uuid: 4c7b3a90-aede-3502-bc6d-ad289b1f15fe): ?
[19:16:38] Pomidorka5657 (uuid: 7eeb0220-4dc3-3321-b4c8-87051b6f286d): что это?
[19:16:48] ReG_MPro (uuid: ffbba03a-cf9e-30bf-a53a-cf2f7dfdd5ee): тип лопатка
[19:17:34] ReG_MPro (uuid: ffbba03a-cf9e-30bf-a53a-cf2f7dfdd5ee): я сегодня на хостинг поставлю
[19:17:37] ReG_MPro (uuid: ffbba03a-cf9e-30bf-a53a-cf2f7dfdd5ee): хотя не
[19:17:41] jackdog8123 (uuid: 4c7b3a90-aede-3502-bc6d-ad289b1f15fe): рано
[19:17:51] ReG_MPro (uuid: ffbba03a-cf9e-30bf-a53a-cf2f7dfdd5ee): надо сервер хоть немного до идеала довести
[19:17:51] jackdog8123 (uuid: 4c7b3a90-aede-3502-bc6d-ad289b1f15fe): у нас бед варс один, и хаб не законченный
[19:19:52] jackdog8123 (uuid: 4c7b3a90-aede-3502-bc6d-ad289b1f15fe): не ну нафиг
[19:20:22] ReG_MPro (uuid: ffbba03a-cf9e-30bf-a53a-cf2f7dfdd5ee): норм
[19:21:23] jackdog8123 (uuid: 4c7b3a90-aede-3502-bc6d-ad289b1f15fe): всё
[19:21:27] jackdog8123 (uuid: 4c7b3a90-aede-3502-bc6d-ad289b1f15fe): сыграем?
[19:21:36] ReG_MPro (uuid: ffbba03a-cf9e-30bf-a53a-cf2f7dfdd5ee): of
[19:21:37] ReG_MPro (uuid: ffbba03a-cf9e-30bf-a53a-cf2f7dfdd5ee): ща
[19:21:39] ReG_MPro (uuid: ffbba03a-cf9e-30bf-a53a-cf2f7dfdd5ee): настрою
[19:22:58] jackdog8123 (uuid: 4c7b3a90-aede-3502-bc6d-ad289b1f15fe): а го следущую карту- замок? каждый остров- башня, алмазы - крепость небольшая, а центр огромная башня
[19:23:05] ReG_MPro (uuid: ffbba03a-cf9e-30bf-a53a-cf2f7dfdd5ee): давай
[19:23:11] Pomidorka5657 (uuid: 7eeb0220-4dc3-3321-b4c8-87051b6f286d): uj
[19:23:15] Pomidorka5657 (uuid: 7eeb0220-4dc3-3321-b4c8-87051b6f286d): го
[19:23:37] Pomidorka5657 (uuid: 7eeb0220-4dc3-3321-b4c8-87051b6f286d): мы сыграем или пойдём строить?
[19:23:43] ReG_MPro (uuid: ffbba03a-cf9e-30bf-a53a-cf2f7dfdd5ee): сыграем
[19:23:45] jackdog8123 (uuid: 4c7b3a90-aede-3502-bc6d-ad289b1f15fe): сыграем сначала
[19:23:50] jackdog8123 (uuid: 4c7b3a90-aede-3502-bc6d-ad289b1f15fe): тестеры
[19:24:28] jackdog8123 (uuid: 4c7b3a90-aede-3502-bc6d-ad289b1f15fe): пойду пиццу возьму еще)
[19:24:45] ReG_MPro (uuid: ffbba03a-cf9e-30bf-a53a-cf2f7dfdd5ee): поделись)
[19:24:52] Pomidorka5657 (uuid: 7eeb0220-4dc3-3321-b4c8-87051b6f286d): я отойду
[19:25:00] jackdog8123 (uuid: 4c7b3a90-aede-3502-bc6d-ad289b1f15fe): я тут
[19:25:11] jackdog8123 (uuid: 4c7b3a90-aede-3502-bc6d-ad289b1f15fe): могу фоткой поделится))
[19:25:17] ReG_MPro (uuid: ffbba03a-cf9e-30bf-a53a-cf2f7dfdd5ee): хахах
[19:26:54] ReG_MPro (uuid: ffbba03a-cf9e-30bf-a53a-cf2f7dfdd5ee): хахах RGB
[19:27:31] ReG_MPro (uuid: ffbba03a-cf9e-30bf-a53a-cf2f7dfdd5ee): лол мы сундуки не добавили
[19:27:41] jackdog8123 (uuid: 4c7b3a90-aede-3502-bc6d-ad289b1f15fe): ага
[19:29:10] jackdog8123 (uuid: 4c7b3a90-aede-3502-bc6d-ad289b1f15fe): ты забыл про 1 спавнер ихюмов
[19:29:22] ReG_MPro (uuid: ffbba03a-cf9e-30bf-a53a-cf2f7dfdd5ee): та пофиг
[19:29:40] jackdog8123 (uuid: 4c7b3a90-aede-3502-bc6d-ad289b1f15fe): ты лишил меня 3 изюмов
[19:29:58] ReG_MPro (uuid: ffbba03a-cf9e-30bf-a53a-cf2f7dfdd5ee): прости.
[19:31:11] ReG_MPro (uuid: ffbba03a-cf9e-30bf-a53a-cf2f7dfdd5ee): лан я афк
[19:31:51] jackdog8123 (uuid: 4c7b3a90-aede-3502-bc6d-ad289b1f15fe): пвп медленное!!!
[19:34:41] Pomidorka5657 (uuid: 7eeb0220-4dc3-3321-b4c8-87051b6f286d): за что
[19:35:31] jackdog8123 (uuid: 4c7b3a90-aede-3502-bc6d-ad289b1f15fe): ышышышы
[19:39:04] Pomidorka5657 (uuid: 7eeb0220-4dc3-3321-b4c8-87051b6f286d): jncnfym
[19:39:10] Pomidorka5657 (uuid: 7eeb0220-4dc3-3321-b4c8-87051b6f286d): отстань
[19:39:17] jackdog8123 (uuid: 4c7b3a90-aede-3502-bc6d-ad289b1f15fe): я лив
[19:42:55] Pomidorka5657 (uuid: 7eeb0220-4dc3-3321-b4c8-87051b6f286d): артемий
[19:46:09] Pomidorka5657 (uuid: 7eeb0220-4dc3-3321-b4c8-87051b6f286d): ау
[19:46:15] Pomidorka5657 (uuid: 7eeb0220-4dc3-3321-b4c8-87051b6f286d): ау
[19:46:16] Pomidorka5657 (uuid: 7eeb0220-4dc3-3321-b4c8-87051b6f286d): ау
[19:46:18] Pomidorka5657 (uuid: 7eeb0220-4dc3-3321-b4c8-87051b6f286d): ау
[19:46:19] Pomidorka5657 (uuid: 7eeb0220-4dc3-3321-b4c8-87051b6f286d): ау
[19:46:21] Pomidorka5657 (uuid: 7eeb0220-4dc3-3321-b4c8-87051b6f286d): ау
